Log file open, 04/27/22 13:46:26
LogWindows: Failed to load 'aqProf.dll' (GetLastError=126)
LogWindows: File 'aqProf.dll' does not exist
LogWindows: Failed to load 'VtuneApi.dll' (GetLastError=126)
LogWindows: File 'VtuneApi.dll' does not exist
LogWindows: Failed to load 'VtuneApi32e.dll' (GetLastError=126)
LogWindows: File 'VtuneApi32e.dll' does not exist
LogConsoleResponse: Display: Failed to find resolution value strings in scalability ini. Falling back to default.
LogConsoleResponse: Display: Failed to find resolution value strings in scalability ini. Falling back to default.
LogInit: Display: Running engine for game: Task_2323_26422
LogPlatformFile: Not using cached read wrapper
LogTaskGraph: Started task graph with 5 named threads and 23 total threads with 3 sets of task threads.
LogStats: Stats thread started at 0.839774
LogICUInternationalization: ICU TimeZone Detection - Raw Offset: +5:30, Platform Override: ''
LogInit: Display: Loading text-based GConfig....
LogPluginManager: Mounting plugin MeshPainting
LogPluginManager: Mounting plugin XGEController
LogPluginManager: Mounting plugin Paper2D
LogPluginManager: Mounting plugin AISupport
LogPluginManager: Mounting plugin EnvironmentQueryEditor
LogPluginManager: Mounting plugin LiveLink
LogPluginManager: Mounting plugin LightPropagationVolume
LogPluginManager: Mounting plugin CameraShakePreviewer
LogPluginManager: Mounting plugin GameplayCameras
LogPluginManager: Mounting plugin OodleNetwork
LogPluginManager: Mounting plugin AnimationSharing
LogPluginManager: Mounting plugin OodleData
LogPluginManager: Mounting plugin CLionSourceCodeAccess
LogPluginManager: Mounting plugin CodeLiteSourceCodeAccess
LogPluginManager: Mounting plugin AssetManagerEditor
LogPluginManager: Mounting plugin GitSourceControl
LogPluginManager: Mounting plugin AlembicImporter
LogPluginManager: Mounting plugin KDevelopSourceCodeAccess
LogPluginManager: Mounting plugin NullSourceCodeAccess
LogPluginManager: Mounting plugin PerforceSourceControl
LogPluginManager: Mounting plugin AutomationUtils
LogPluginManager: Mounting plugin BackChannel
LogPluginManager: Mounting plugin PluginUtils
LogPluginManager: Mounting plugin PlasticSourceControl
LogPluginManager: Mounting plugin PropertyAccessNode
LogPluginManager: Mounting plugin ChaosCloth
LogPluginManager: Mounting plugin ChaosClothEditor
LogPluginManager: Mounting plugin ChaosEditor
LogPluginManager: Mounting plugin ChaosNiagara
LogPluginManager: Mounting plugin ChaosSolverPlugin
LogPluginManager: Mounting plugin RiderSourceCodeAccess
LogPluginManager: Mounting plugin SubversionSourceControl
LogPluginManager: Mounting plugin CharacterAI
LogPluginManager: Mounting plugin DatasmithContent
LogPluginManager: Mounting plugin CryptoKeys
LogPluginManager: Mounting plugin TextureFormatOodle
LogPluginManager: Mounting plugin UObjectPlugin
LogPluginManager: Mounting plugin DataValidation
LogPluginManager: Mounting plugin CurveEditorTools
LogPluginManager: Mounting plugin FacialAnimation
LogPluginManager: Mounting plugin GameplayTagsEditor
LogPluginManager: Mounting plugin GeometryMode
LogPluginManager: Mounting plugin MacGraphicsSwitching
LogPluginManager: Mounting plugin Niagara
LogPluginManager: Mounting plugin VariantManagerContent
LogPluginManager: Mounting plugin PixWinPlugin
LogPluginManager: Mounting plugin MaterialAnalyzer
LogPluginManager: Mounting plugin VisualStudioCodeSourceCodeAccess
LogPluginManager: Mounting plugin MobileLauncherProfileWizard
LogPluginManager: Mounting plugin PluginBrowser
LogPluginManager: Mounting plugin VisualStudioSourceCodeAccess
LogPluginManager: Mounting plugin SpeedTreeImporter
LogPluginManager: Mounting plugin XCodeSourceCodeAccess
LogPluginManager: Mounting plugin GeometryCache
LogPluginManager: Mounting plugin GeometryProcessing
LogPluginManager: Mounting plugin GeometryCollectionPlugin
LogPluginManager: Mounting plugin MotoSynth
LogPluginManager: Mounting plugin OpenImageDenoise
LogPluginManager: Mounting plugin PlanarCut
LogPluginManager: Mounting plugin PlatformCrypto
LogPluginManager: Mounting plugin ProxyLODPlugin
LogPluginManager: Mounting plugin PythonScriptPlugin
LogPluginManager: Mounting plugin SkeletalReduction
LogPluginManager: Mounting plugin TcpMessaging
LogPluginManager: Mounting plugin ActorSequence
LogPluginManager: Mounting plugin LuminPlatformFeatures
LogPluginManager: Mounting plugin UdpMessaging
LogPluginManager: Mounting plugin MagicLeap
LogPluginManager: Mounting plugin MatineeToLevelSequence
LogPluginManager: Mounting plugin AndroidMedia
LogPluginManager: Mounting plugin LevelSequenceEditor
LogPluginManager: Mounting plugin TemplateSequence
LogPluginManager: Mounting plugin MagicLeapLightEstimation
LogPluginManager: Mounting plugin MagicLeapMedia
LogPluginManager: Mounting plugin MagicLeapPassableWorld
LogPluginManager: Mounting plugin AvfMedia
LogPluginManager: Mounting plugin MLSDK
LogPluginManager: Mounting plugin ImgMedia
LogPluginManager: Mounting plugin MediaCompositing
LogPluginManager: Mounting plugin MediaPlayerEditor
LogPluginManager: Mounting plugin WebMMedia
LogPluginManager: Mounting plugin WmfMedia
LogPluginManager: Mounting plugin OnlineSubsystem
LogPluginManager: Mounting plugin LauncherChunkInstaller
LogPluginManager: Mounting plugin OnlineSubsystemNull
LogPluginManager: Mounting plugin OnlineSubsystemUtils
LogPluginManager: Mounting plugin ActorLayerUtilities
LogPluginManager: Mounting plugin AndroidMoviePlayer
LogPluginManager: Mounting plugin AndroidDeviceProfileSelector
LogPluginManager: Mounting plugin AndroidPermission
LogPluginManager: Mounting plugin AppleMoviePlayer
LogPluginManager: Mounting plugin AppleImageUtils
LogPluginManager: Mounting plugin ArchVisCharacter
LogPluginManager: Mounting plugin AudioCapture
LogPluginManager: Mounting plugin AssetTags
LogPluginManager: Mounting plugin AudioSynesthesia
LogPluginManager: Mounting plugin CableComponent
LogPluginManager: Mounting plugin ChunkDownloader
LogPluginManager: Mounting plugin CustomMeshComponent
LogPluginManager: Mounting plugin ExampleDeviceProfileSelector
LogPluginManager: Mounting plugin EditableMesh
LogPluginManager: Mounting plugin GoogleCloudMessaging
LogPluginManager: Mounting plugin GooglePAD
LogPluginManager: Mounting plugin IOSDeviceProfileSelector
LogPluginManager: Mounting plugin LinuxDeviceProfileSelector
LogPluginManager: Mounting plugin ScreenshotTools
LogPluginManager: Mounting plugin LocationServicesBPLibrary
LogPluginManager: Mounting plugin MobilePatchingUtils
LogPluginManager: Mounting plugin OpenXRHandTracking
LogPluginManager: Mounting plugin OpenXR
LogPluginManager: Mounting plugin PhysXVehicles
LogPluginManager: Mounting plugin OpenXREyeTracker
LogPluginManager: Mounting plugin Takes
LogPluginManager: Mounting plugin PostSplashScreen
LogPluginManager: Mounting plugin ProceduralMeshComponent
LogPluginManager: Mounting plugin PropertyAccessEditor
LogPluginManager: Mounting plugin RuntimePhysXCooking
LogPluginManager: Mounting plugin SignificanceManager
LogPluginManager: Mounting plugin SoundFields
LogPluginManager: Mounting plugin Synthesis
LogPluginManager: Mounting plugin WebMMoviePlayer
LogPluginManager: Mounting plugin WindowsMoviePlayer
LogPluginManager: Mounting plugin ContentBrowserAssetDataSource
LogPluginManager: Mounting plugin ContentBrowserClassDataSource
LogPluginManager: Mounting plugin ContentBrowserFileDataSource
LogPluginManager: Mounting plugin OnlineSubsystemGooglePlay
LogPluginManager: Mounting plugin OnlineSubsystemIOS
LogPluginManager: Mounting plugin OculusVR
LogPluginManager: Mounting plugin SteamVR
PixWinPlugin: PIX capture plugin failed to initialize! Check that the process is launched from PIX.
LogInit: Using libcurl 7.55.1-DEV
LogInit:  - built for x86_64-pc-win32
LogInit:  - supports SSL with OpenSSL/1.1.1
LogInit:  - supports HTTP deflate (compression) using libz 1.2.8
LogInit:  - other features:
LogInit:      CURL_VERSION_SSL
LogInit:      CURL_VERSION_LIBZ
LogInit:      CURL_VERSION_IPV6
LogInit:      CURL_VERSION_ASYNCHDNS
LogInit:      CURL_VERSION_LARGEFILE
LogInit:      CURL_VERSION_IDN
LogInit:  CurlRequestOptions (configurable via config and command line):
LogInit:  - bVerifyPeer = true  - Libcurl will verify peer certificate
LogInit:  - bUseHttpProxy = false  - Libcurl will NOT use HTTP proxy
LogInit:  - bDontReuseConnections = false  - Libcurl will reuse connections
LogInit:  - MaxHostConnections = 16  - Libcurl will limit the number of connections to a host
LogInit:  - LocalHostAddr = Default
LogInit:  - BufferSize = 65536
LogOnline: OSS: Creating online subsystem instance for: NULL
LogInit: WinSock: version 1.1 (2.2), MaxSocks=32767, MaxUdp=65467
LogOnline: OSS: TryLoadSubsystemAndSetDefault: Loaded subsystem for module [NULL]
LogOculusPluginWrapper: OculusPlugin initialized successfully
LogHMD: Failed initializing OVRPlugin 1.59.0
LogInit: Build: ++UE4+Release-4.27-CL-18319896
LogInit: Engine Version: 4.27.2-18319896+++UE4+Release-4.27
LogInit: Compatible Engine Version: 4.27.0-17155196+++UE4+Release-4.27
LogInit: Net CL: 17155196
LogInit: OS: Windows 10 (Release 2009) (), CPU: Intel(R) Core(TM) i7-7700HQ CPU @ 2.80GHz, GPU: NVIDIA GeForce GTX 1060
LogInit: Compiled (64-bit): Nov 30 2021 07:12:08
LogInit: Compiled with Visual C++: 19.24.28315.00
LogInit: Build Configuration: Development
LogInit: Branch Name: ++UE4+Release-4.27
LogInit: Command Line:  -skipcompile
LogInit: Base Directory: D:/UE_4.27/Engine/Binaries/Win64/
LogInit: Allocator: TBB
LogInit: Installed Engine Build: 1
LogDevObjectVersion: Number of dev versions registered: 29
LogDevObjectVersion:   Dev-Blueprints (B0D832E4-1F89-4F0D-ACCF-7EB736FD4AA2): 10
LogDevObjectVersion:   Dev-Build (E1C64328-A22C-4D53-A36C-8E866417BD8C): 0
LogDevObjectVersion:   Dev-Core (375EC13C-06E4-48FB-B500-84F0262A717E): 4
LogDevObjectVersion:   Dev-Editor (E4B068ED-F494-42E9-A231-DA0B2E46BB41): 40
LogDevObjectVersion:   Dev-Framework (CFFC743F-43B0-4480-9391-14DF171D2073): 37
LogDevObjectVersion:   Dev-Mobile (B02B49B5-BB20-44E9-A304-32B752E40360): 3
LogDevObjectVersion:   Dev-Networking (A4E4105C-59A1-49B5-A7C5-40C4547EDFEE): 0
LogDevObjectVersion:   Dev-Online (39C831C9-5AE6-47DC-9A44-9C173E1C8E7C): 0
LogDevObjectVersion:   Dev-Physics (78F01B33-EBEA-4F98-B9B4-84EACCB95AA2): 14
LogDevObjectVersion:   Dev-Platform (6631380F-2D4D-43E0-8009-CF276956A95A): 0
LogDevObjectVersion:   Dev-Rendering (12F88B9F-8875-4AFC-A67C-D90C383ABD29): 45
LogDevObjectVersion:   Dev-Sequencer (7B5AE74C-D270-4C10-A958-57980B212A5A): 13
LogDevObjectVersion:   Dev-VR (D7296918-1DD6-4BDD-9DE2-64A83CC13884): 3
LogDevObjectVersion:   Dev-LoadTimes (C2A15278-BFE7-4AFE-6C17-90FF531DF755): 1
LogDevObjectVersion:   Private-Geometry (6EACA3D4-40EC-4CC1-B786-8BED09428FC5): 3
LogDevObjectVersion:   Dev-AnimPhys (29E575DD-E0A3-4627-9D10-D276232CDCEA): 17
LogDevObjectVersion:   Dev-Anim (AF43A65D-7FD3-4947-9873-3E8ED9C1BB05): 15
LogDevObjectVersion:   Dev-ReflectionCapture (6B266CEC-1EC7-4B8F-A30B-E4D90942FC07): 1
LogDevObjectVersion:   Dev-Automation (0DF73D61-A23F-47EA-B727-89E90C41499A): 1
LogDevObjectVersion:   FortniteMain (601D1886-AC64-4F84-AA16-D3DE0DEAC7D6): 47
LogDevObjectVersion:   FortniteRelease (E7086368-6B23-4C58-8439-1B7016265E91): 1
LogDevObjectVersion:   Dev-Enterprise (9DFFBCD6-494F-0158-E221-12823C92A888): 10
LogDevObjectVersion:   Dev-Niagara (F2AED0AC-9AFE-416F-8664-AA7FFA26D6FC): 1
LogDevObjectVersion:   Dev-Destruction (174F1F0B-B4C6-45A5-B13F-2EE8D0FB917D): 10
LogDevObjectVersion:   Dev-Physics-Ext (35F94A83-E258-406C-A318-09F59610247C): 41
LogDevObjectVersion:   Dev-PhysicsMaterial-Chaos (B68FC16E-8B1B-42E2-B453-215C058844FE): 1
LogDevObjectVersion:   Dev-CineCamera (B2E18506-4273-CFC2-A54E-F4BB758BBA07): 1
LogDevObjectVersion:   Dev-VirtualProduction (64F58936-FD1B-42BA-BA96-7289D5D0FA4E): 1
LogDevObjectVersion:   Dev-MediaFramework (6F0ED827-A609-4895-9C91-998D90180EA4): 2
LogInit: Presizing for max 25165824 objects, including 0 objects not considered by GC, pre-allocating 0 bytes for permanent pool.
LogConfig: Applying CVar settings from Section [/Script/Engine.StreamingSettings] File [D:/Unreal Projects/Task_2323_26422/Saved/Config/Windows/Engine.ini]
LogConfig: Setting CVar [[s.MinBulkDataSizeForAsyncLoading:131072]]
LogConfig: Setting CVar [[s.AsyncLoadingThreadEnabled:0]]
LogConfig: Setting CVar [[s.EventDrivenLoaderEnabled:1]]
LogConfig: Setting CVar [[s.WarnIfTimeLimitExceeded:0]]
LogConfig: Setting CVar [[s.TimeLimitExceededMultiplier:1.5]]
LogConfig: Setting CVar [[s.TimeLimitExceededMinTime:0.005]]
LogConfig: Setting CVar [[s.UseBackgroundLevelStreaming:1]]
LogConfig: Setting CVar [[s.PriorityAsyncLoadingExtraTime:15.0]]
LogConfig: Setting CVar [[s.LevelStreamingActorsUpdateTimeLimit:5.0]]
LogConfig: Setting CVar [[s.PriorityLevelStreamingActorsUpdateExtraTime:5.0]]
LogConfig: Setting CVar [[s.LevelStreamingComponentsRegistrationGranularity:10]]
LogConfig: Setting CVar [[s.UnregisterComponentsTimeLimit:1.0]]
LogConfig: Setting CVar [[s.LevelStreamingComponentsUnregistrationGranularity:5]]
LogConfig: Setting CVar [[s.FlushStreamingOnExit:1]]
LogInit: Object subsystem initialized
LogConfig: Setting CVar [[con.DebugEarlyDefault:1]]
LogConfig: Setting CVar [[r.setres:1280x720]]
[2022.04.27-08.16.27:318][  0]LogConfig: Setting CVar [[r.VSync:0]]
[2022.04.27-08.16.27:318][  0]LogConfig: Setting CVar [[r.RHICmdBypass:0]]
[2022.04.27-08.16.27:318][  0]LogConfig: Applying CVar settings from Section [/Script/Engine.RendererSettings] File [D:/Unreal Projects/Task_2323_26422/Saved/Config/Windows/Engine.ini]
[2022.04.27-08.16.27:318][  0]LogConfig: Setting CVar [[r.GPUCrashDebugging:0]]
[2022.04.27-08.16.27:318][  0]LogConfig: Setting CVar [[r.Mobile.DisableVertexFog:1]]
[2022.04.27-08.16.27:318][  0]LogConfig: Setting CVar [[r.Shadow.CSM.MaxMobileCascades:2]]
[2022.04.27-08.16.27:318][  0]LogConfig: Setting CVar [[r.MobileMSAA:1]]
[2022.04.27-08.16.27:318][  0]LogConfig: Setting CVar [[r.Mobile.AllowDitheredLODTransition:0]]
[2022.04.27-08.16.27:318][  0]LogConfig: Setting CVar [[r.Mobile.AllowSoftwareOcclusion:0]]
[2022.04.27-08.16.27:319][  0]LogConfig: Setting CVar [[r.Mobile.VirtualTextures:0]]
[2022.04.27-08.16.27:319][  0]LogConfig: Setting CVar [[r.DiscardUnusedQuality:0]]
[2022.04.27-08.16.27:319][  0]LogConfig: Setting CVar [[r.AllowOcclusionQueries:1]]
[2022.04.27-08.16.27:319][  0]LogConfig: Setting CVar [[r.MinScreenRadiusForLights:0.030000]]
[2022.04.27-08.16.27:319][  0]LogConfig: Setting CVar [[r.MinScreenRadiusForDepthPrepass:0.030000]]
[2022.04.27-08.16.27:319][  0]LogConfig: Setting CVar [[r.MinScreenRadiusForCSMDepth:0.010000]]
[2022.04.27-08.16.27:319][  0]LogConfig: Setting CVar [[r.PrecomputedVisibilityWarning:0]]
[2022.04.27-08.16.27:319][  0]LogConfig: Setting CVar [[r.TextureStreaming:1]]
[2022.04.27-08.16.27:319][  0]LogConfig: Setting CVar [[Compat.UseDXT5NormalMaps:0]]
[2022.04.27-08.16.27:319][  0]LogConfig: Setting CVar [[r.VirtualTextures:0]]
[2022.04.27-08.16.27:320][  0]LogConfig: Setting CVar [[r.VT.EnableAutoImport:1]]
[2022.04.27-08.16.27:320][  0]LogConfig: Setting CVar [[r.VirtualTexturedLightmaps:0]]
[2022.04.27-08.16.27:320][  0]LogConfig: Setting CVar [[r.VT.TileSize:128]]
[2022.04.27-08.16.27:320][  0]LogConfig: Setting CVar [[r.VT.TileBorderSize:4]]
[2022.04.27-08.16.27:320][  0]LogConfig: Setting CVar [[r.vt.FeedbackFactor:16]]
[2022.04.27-08.16.27:320][  0]LogConfig: Setting CVar [[r.VT.EnableCompressZlib:1]]
[2022.04.27-08.16.27:320][  0]LogConfig: Setting CVar [[r.VT.EnableCompressCrunch:0]]
[2022.04.27-08.16.27:320][  0]LogConfig: Setting CVar [[r.ClearCoatNormal:0]]
[2022.04.27-08.16.27:320][  0]LogConfig: Setting CVar [[r.ReflectionCaptureResolution:128]]
[2022.04.27-08.16.27:320][  0]LogConfig: Setting CVar [[r.Mobile.ReflectionCaptureCompression:0]]
[2022.04.27-08.16.27:321][  0]LogConfig: Setting CVar [[r.ReflectionEnvironmentLightmapMixBasedOnRoughness:1]]
[2022.04.27-08.16.27:321][  0]LogConfig: Setting CVar [[r.ForwardShading:0]]
[2022.04.27-08.16.27:321][  0]LogConfig: Setting CVar [[r.VertexFoggingForOpaque:1]]
[2022.04.27-08.16.27:321][  0]LogConfig: Setting CVar [[r.AllowStaticLighting:1]]
[2022.04.27-08.16.27:321][  0]LogConfig: Setting CVar [[r.NormalMapsForStaticLighting:0]]
[2022.04.27-08.16.27:321][  0]LogConfig: Setting CVar [[r.GenerateMeshDistanceFields:0]]
[2022.04.27-08.16.27:321][  0]LogConfig: Setting CVar [[r.DistanceFieldBuild.EightBit:0]]
[2022.04.27-08.16.27:321][  0]LogConfig: Setting CVar [[r.GenerateLandscapeGIData:0]]
[2022.04.27-08.16.27:321][  0]LogConfig: Setting CVar [[r.DistanceFieldBuild.Compress:0]]
[2022.04.27-08.16.27:321][  0]LogConfig: Setting CVar [[r.TessellationAdaptivePixelsPerTriangle:48.000000]]
[2022.04.27-08.16.27:321][  0]LogConfig: Setting CVar [[r.SeparateTranslucency:1]]
[2022.04.27-08.16.27:322][  0]LogConfig: Setting CVar [[r.TranslucentSortPolicy:0]]
[2022.04.27-08.16.27:322][  0]LogConfig: Setting CVar [[vr.VRS.HMDFixedFoveationLevel:0]]
[2022.04.27-08.16.27:322][  0]LogConfig: Setting CVar [[r.CustomDepth:1]]
[2022.04.27-08.16.27:322][  0]LogConfig: Setting CVar [[r.CustomDepthTemporalAAJitter:1]]
[2022.04.27-08.16.27:322][  0]LogConfig: Setting CVar [[r.PostProcessing.PropagateAlpha:0]]
[2022.04.27-08.16.27:322][  0]LogConfig: Setting CVar [[r.DefaultFeature.Bloom:1]]
[2022.04.27-08.16.27:322][  0]LogConfig: Setting CVar [[r.DefaultFeature.AmbientOcclusion:1]]
[2022.04.27-08.16.27:322][  0]LogConfig: Setting CVar [[r.DefaultFeature.AmbientOcclusionStaticFraction:1]]
[2022.04.27-08.16.27:323][  0]LogConfig: Setting CVar [[r.DefaultFeature.AutoExposure:0]]
[2022.04.27-08.16.27:323][  0]LogConfig: Setting CVar [[r.DefaultFeature.AutoExposure.Method:0]]
[2022.04.27-08.16.27:323][  0]LogConfig: Setting CVar [[r.DefaultFeature.AutoExposure.Bias:1.000000]]
[2022.04.27-08.16.27:323][  0]LogConfig: Setting CVar [[r.DefaultFeature.AutoExposure.ExtendDefaultLuminanceRange:0]]
[2022.04.27-08.16.27:323][  0]LogConfig: Setting CVar [[r.UsePreExposure:1]]
[2022.04.27-08.16.27:323][  0]LogConfig: Setting CVar [[r.EyeAdaptation.EditorOnly:0]]
[2022.04.27-08.16.27:323][  0]LogConfig: Setting CVar [[r.DefaultFeature.MotionBlur:0]]
[2022.04.27-08.16.27:323][  0]LogConfig: Setting CVar [[r.DefaultFeature.LensFlare:0]]
[2022.04.27-08.16.27:323][  0]LogConfig: Setting CVar [[r.TemporalAA.Upsampling:0]]
[2022.04.27-08.16.27:323][  0]LogConfig: Setting CVar [[r.SSGI.Enable:0]]
[2022.04.27-08.16.27:323][  0]LogConfig: Setting CVar [[r.DefaultFeature.AntiAliasing:0]]
[2022.04.27-08.16.27:323][  0]LogConfig: Setting CVar [[r.DefaultFeature.LightUnits:1]]
[2022.04.27-08.16.27:324][  0]LogConfig: Setting CVar [[r.DefaultBackBufferPixelFormat:4]]
[2022.04.27-08.16.27:324][  0]LogConfig: Setting CVar [[r.Shadow.UnbuiltPreviewInGame:1]]
[2022.04.27-08.16.27:324][  0]LogConfig: Setting CVar [[r.StencilForLODDither:0]]
[2022.04.27-08.16.27:324][  0]LogConfig: Setting CVar [[r.EarlyZPass:3]]
[2022.04.27-08.16.27:324][  0]LogConfig: Setting CVar [[r.EarlyZPassOnlyMaterialMasking:0]]
[2022.04.27-08.16.27:324][  0]LogConfig: Setting CVar [[r.DBuffer:1]]
[2022.04.27-08.16.27:324][  0]LogConfig: Setting CVar [[r.ClearSceneMethod:1]]
[2022.04.27-08.16.27:324][  0]LogConfig: Setting CVar [[r.BasePassOutputsVelocity:0]]
[2022.04.27-08.16.27:324][  0]LogConfig: Setting CVar [[r.VertexDeformationOutputsVelocity:0]]
[2022.04.27-08.16.27:324][  0]LogConfig: Setting CVar [[r.SelectiveBasePassOutputs:0]]
[2022.04.27-08.16.27:325][  0]LogConfig: Setting CVar [[fx.GPUSimulationTextureSizeX:1024]]
[2022.04.27-08.16.27:325][  0]LogConfig: Setting CVar [[fx.GPUSimulationTextureSizeY:1024]]
[2022.04.27-08.16.27:325][  0]LogConfig: Setting CVar [[r.AllowGlobalClipPlane:0]]
[2022.04.27-08.16.27:325][  0]LogConfig: Setting CVar [[r.GBufferFormat:1]]
[2022.04.27-08.16.27:325][  0]LogConfig: Setting CVar [[r.MorphTarget.Mode:1]]
[2022.04.27-08.16.27:325][  0]LogConfig: Setting CVar [[vr.InstancedStereo:0]]
[2022.04.27-08.16.27:325][  0]LogConfig: Setting CVar [[r.MobileHDR:1]]
[2022.04.27-08.16.27:325][  0]LogConfig: Setting CVar [[vr.MobileMultiView:0]]
[2022.04.27-08.16.27:325][  0]LogConfig: Setting CVar [[r.Mobile.UseHWsRGBEncoding:0]]
[2022.04.27-08.16.27:325][  0]LogConfig: Setting CVar [[vr.RoundRobinOcclusion:0]]
[2022.04.27-08.16.27:325][  0]LogConfig: Setting CVar [[vr.ODSCapture:0]]
[2022.04.27-08.16.27:326][  0]LogConfig: Setting CVar [[r.MeshStreaming:0]]
[2022.04.27-08.16.27:326][  0]LogConfig: Setting CVar [[r.WireframeCullThreshold:5.000000]]
[2022.04.27-08.16.27:326][  0]LogConfig: Setting CVar [[r.RayTracing:0]]
[2022.04.27-08.16.27:326][  0]LogConfig: Setting CVar [[r.RayTracing.UseTextureLod:0]]
[2022.04.27-08.16.27:326][  0]LogConfig: Setting CVar [[r.SupportStationarySkylight:1]]
[2022.04.27-08.16.27:326][  0]LogConfig: Setting CVar [[r.SupportLowQualityLightmaps:1]]
[2022.04.27-08.16.27:326][  0]LogConfig: Setting CVar [[r.SupportPointLightWholeSceneShadows:1]]
[2022.04.27-08.16.27:326][  0]LogConfig: Setting CVar [[r.SupportAtmosphericFog:1]]
[2022.04.27-08.16.27:326][  0]LogConfig: Setting CVar [[r.SupportSkyAtmosphere:1]]
[2022.04.27-08.16.27:326][  0]LogConfig: Setting CVar [[r.SupportSkyAtmosphereAffectsHeightFog:0]]
[2022.04.27-08.16.27:326][  0]LogConfig: Setting CVar [[r.SkinCache.CompileShaders:0]]
[2022.04.27-08.16.27:327][  0]LogConfig: Setting CVar [[r.SkinCache.DefaultBehavior:1]]
[2022.04.27-08.16.27:327][  0]LogConfig: Setting CVar [[r.SkinCache.SceneMemoryLimitInMB:128.000000]]
[2022.04.27-08.16.27:327][  0]LogConfig: Setting CVar [[r.Mobile.EnableStaticAndCSMShadowReceivers:1]]
[2022.04.27-08.16.27:327][  0]LogConfig: Setting CVar [[r.Mobile.EnableMovableLightCSMShaderCulling:1]]
[2022.04.27-08.16.27:327][  0]LogConfig: Setting CVar [[r.Mobile.AllowDistanceFieldShadows:1]]
[2022.04.27-08.16.27:327][  0]LogConfig: Setting CVar [[r.Mobile.AllowMovableDirectionalLights:1]]
[2022.04.27-08.16.27:327][  0]LogConfig: Setting CVar [[r.MobileNumDynamicPointLights:4]]
[2022.04.27-08.16.27:327][  0]LogConfig: Setting CVar [[r.MobileDynamicPointLightsUseStaticBranch:1]]
[2022.04.27-08.16.27:327][  0]LogConfig: Setting CVar [[r.Mobile.EnableMovableSpotlights:0]]
[2022.04.27-08.16.27:327][  0]LogConfig: Setting CVar [[r.Mobile.EnableMovableSpotlightsShadow:0]]
[2022.04.27-08.16.27:327][  0]LogConfig: Setting CVar [[r.GPUSkin.Support16BitBoneIndex:0]]
[2022.04.27-08.16.27:327][  0]LogConfig: Setting CVar [[r.GPUSkin.Limit2BoneInfluences:0]]
[2022.04.27-08.16.27:327][  0]LogConfig: Setting CVar [[r.SupportDepthOnlyIndexBuffers:1]]
[2022.04.27-08.16.27:328][  0]LogConfig: Setting CVar [[r.SupportReversedIndexBuffers:1]]
[2022.04.27-08.16.27:328][  0]LogConfig: Setting CVar [[r.LightPropagationVolume:0]]
[2022.04.27-08.16.27:328][  0]LogConfig: Setting CVar [[r.Mobile.AmbientOcclusion:0]]
[2022.04.27-08.16.27:328][  0]LogConfig: Setting CVar [[r.GPUSkin.UnlimitedBoneInfluences:0]]
[2022.04.27-08.16.27:328][  0]LogConfig: Setting CVar [[r.GPUSkin.UnlimitedBoneInfluencesThreshold:8]]
[2022.04.27-08.16.27:328][  0]LogConfig: Setting CVar [[r.Mobile.PlanarReflectionMode:0]]
[2022.04.27-08.16.27:328][  0]LogConfig: Setting CVar [[r.Mobile.SupportsGen4TAA:0]]
[2022.04.27-08.16.27:328][  0]LogConfig: Applying CVar settings from Section [/Script/Engine.RendererOverrideSettings] File [D:/Unreal Projects/Task_2323_26422/Saved/Config/Windows/Engine.ini]
[2022.04.27-08.16.27:328][  0]LogConfig: Applying CVar settings from Section [/Script/Engine.StreamingSettings] File [D:/Unreal Projects/Task_2323_26422/Saved/Config/Windows/Engine.ini]
[2022.04.27-08.16.27:328][  0]LogConfig: Setting CVar [[s.MinBulkDataSizeForAsyncLoading:131072]]
[2022.04.27-08.16.27:328][  0]LogConfig: Setting CVar [[s.AsyncLoadingThreadEnabled:0]]
[2022.04.27-08.16.27:328][  0]LogConfig: Setting CVar [[s.EventDrivenLoaderEnabled:1]]
[2022.04.27-08.16.27:329][  0]LogConfig: Setting CVar [[s.WarnIfTimeLimitExceeded:0]]
[2022.04.27-08.16.27:329][  0]LogConfig: Setting CVar [[s.TimeLimitExceededMultiplier:1.5]]
[2022.04.27-08.16.27:329][  0]LogConfig: Setting CVar [[s.TimeLimitExceededMinTime:0.005]]
[2022.04.27-08.16.27:329][  0]LogConfig: Setting CVar [[s.UseBackgroundLevelStreaming:1]]
[2022.04.27-08.16.27:329][  0]LogConfig: Setting CVar [[s.PriorityAsyncLoadingExtraTime:15.0]]
[2022.04.27-08.16.27:329][  0]LogConfig: Setting CVar [[s.LevelStreamingActorsUpdateTimeLimit:5.0]]
[2022.04.27-08.16.27:329][  0]LogConfig: Setting CVar [[s.PriorityLevelStreamingActorsUpdateExtraTime:5.0]]
[2022.04.27-08.16.27:329][  0]LogConfig: Setting CVar [[s.LevelStreamingComponentsRegistrationGranularity:10]]
[2022.04.27-08.16.27:329][  0]LogConfig: Setting CVar [[s.UnregisterComponentsTimeLimit:1.0]]
[2022.04.27-08.16.27:329][  0]LogConfig: Setting CVar [[s.LevelStreamingComponentsUnregistrationGranularity:5]]
[2022.04.27-08.16.27:329][  0]LogConfig: Setting CVar [[s.FlushStreamingOnExit:1]]
[2022.04.27-08.16.27:329][  0]LogConfig: Applying CVar settings from Section [/Script/Engine.GarbageCollectionSettings] File [D:/Unreal Projects/Task_2323_26422/Saved/Config/Windows/Engine.ini]
[2022.04.27-08.16.27:329][  0]LogConfig: Setting CVar [[gc.MaxObjectsNotConsideredByGC:1]]
[2022.04.27-08.16.27:330][  0]LogConfig: Setting CVar [[gc.SizeOfPermanentObjectPool:0]]
[2022.04.27-08.16.27:330][  0]LogConfig: Setting CVar [[gc.FlushStreamingOnGC:0]]
[2022.04.27-08.16.27:330][  0]LogConfig: Setting CVar [[gc.NumRetriesBeforeForcingGC:10]]
[2022.04.27-08.16.27:330][  0]LogConfig: Setting CVar [[gc.AllowParallelGC:1]]
[2022.04.27-08.16.27:330][  0]LogConfig: Setting CVar [[gc.TimeBetweenPurgingPendingKillObjects:61.1]]
[2022.04.27-08.16.27:330][  0]LogConfig: Setting CVar [[gc.MaxObjectsInEditor:25165824]]
[2022.04.27-08.16.27:330][  0]LogConfig: Setting CVar [[gc.IncrementalBeginDestroyEnabled:1]]
[2022.04.27-08.16.27:330][  0]LogConfig: Setting CVar [[gc.CreateGCClusters:1]]
[2022.04.27-08.16.27:330][  0]LogConfig: Setting CVar [[gc.MinGCClusterSize:5]]
[2022.04.27-08.16.27:330][  0]LogConfig: Setting CVar [[gc.ActorClusteringEnabled:0]]
[2022.04.27-08.16.27:330][  0]LogConfig: Setting CVar [[gc.BlueprintClusteringEnabled:0]]
[2022.04.27-08.16.27:331][  0]LogConfig: Setting CVar [[gc.UseDisregardForGCOnDedicatedServers:0]]
[2022.04.27-08.16.27:331][  0]LogConfig: Setting CVar [[gc.MultithreadedDestructionEnabled:1]]
[2022.04.27-08.16.27:331][  0]LogConfig: Applying CVar settings from Section [/Script/Engine.NetworkSettings] File [D:/Unreal Projects/Task_2323_26422/Saved/Config/Windows/Engine.ini]
[2022.04.27-08.16.27:331][  0]LogConfig: Applying CVar settings from Section [/Script/UnrealEd.CookerSettings] File [D:/Unreal Projects/Task_2323_26422/Saved/Config/Windows/Engine.ini]
[2022.04.27-08.16.27:356][  0]LogConfig: Applying CVar settings from Section [ViewDistanceQuality@3] File [D:/Unreal Projects/Task_2323_26422/Saved/Config/Windows/Scalability.ini]
[2022.04.27-08.16.27:356][  0]LogConfig: Setting CVar [[r.SkeletalMeshLODBias:0]]
[2022.04.27-08.16.27:356][  0]LogConfig: Setting CVar [[r.ViewDistanceScale:1.0]]
[2022.04.27-08.16.27:356][  0]LogConfig: Applying CVar settings from Section [AntiAliasingQuality@3] File [D:/Unreal Projects/Task_2323_26422/Saved/Config/Windows/Scalability.ini]
[2022.04.27-08.16.27:357][  0]LogConfig: Setting CVar [[r.PostProcessAAQuality:4]]
[2022.04.27-08.16.27:357][  0]LogConfig: Applying CVar settings from Section [ShadowQuality@3] File [D:/Unreal Projects/Task_2323_26422/Saved/Config/Windows/Scalability.ini]
[2022.04.27-08.16.27:357][  0]LogConfig: Setting CVar [[r.LightFunctionQuality:1]]
[2022.04.27-08.16.27:357][  0]LogConfig: Setting CVar [[r.ShadowQuality:5]]
[2022.04.27-08.16.27:357][  0]LogConfig: Setting CVar [[r.Shadow.CSM.MaxCascades:10]]
[2022.04.27-08.16.27:357][  0]LogConfig: Setting CVar [[r.Shadow.MaxResolution:2048]]
[2022.04.27-08.16.27:357][  0]LogConfig: Setting CVar [[r.Shadow.MaxCSMResolution:2048]]
[2022.04.27-08.16.27:357][  0]LogConfig: Setting CVar [[r.Shadow.RadiusThreshold:0.01]]
[2022.04.27-08.16.27:357][  0]LogConfig: Setting CVar [[r.Shadow.DistanceScale:1.0]]
[2022.04.27-08.16.27:357][  0]LogConfig: Setting CVar [[r.Shadow.CSM.TransitionScale:1.0]]
[2022.04.27-08.16.27:357][  0]LogConfig: Setting CVar [[r.Shadow.PreShadowResolutionFactor:1.0]]
[2022.04.27-08.16.27:358][  0]LogConfig: Setting CVar [[r.DistanceFieldShadowing:1]]
[2022.04.27-08.16.27:358][  0]LogConfig: Setting CVar [[r.DistanceFieldAO:1]]
[2022.04.27-08.16.27:358][  0]LogConfig: Setting CVar [[r.AOQuality:2]]
[2022.04.27-08.16.27:358][  0]LogConfig: Setting CVar [[r.VolumetricFog:1]]
[2022.04.27-08.16.27:358][  0]LogConfig: Setting CVar [[r.VolumetricFog.GridPixelSize:8]]
[2022.04.27-08.16.27:358][  0]LogConfig: Setting CVar [[r.VolumetricFog.GridSizeZ:128]]
[2022.04.27-08.16.27:358][  0]LogConfig: Setting CVar [[r.VolumetricFog.HistoryMissSupersampleCount:4]]
[2022.04.27-08.16.27:358][  0]LogConfig: Setting CVar [[r.LightMaxDrawDistanceScale:1]]
[2022.04.27-08.16.27:358][  0]LogConfig: Setting CVar [[r.CapsuleShadows:1]]
[2022.04.27-08.16.27:358][  0]LogConfig: Applying CVar settings from Section [PostProcessQuality@3] File [D:/Unreal Projects/Task_2323_26422/Saved/Config/Windows/Scalability.ini]
[2022.04.27-08.16.27:358][  0]LogConfig: Setting CVar [[r.MotionBlurQuality:4]]
[2022.04.27-08.16.27:359][  0]LogConfig: Setting CVar [[r.AmbientOcclusionMipLevelFactor:0.4]]
[2022.04.27-08.16.27:359][  0]LogConfig: Setting CVar [[r.AmbientOcclusionMaxQuality:100]]
[2022.04.27-08.16.27:359][  0]LogConfig: Setting CVar [[r.AmbientOcclusionLevels:-1]]
[2022.04.27-08.16.27:359][  0]LogConfig: Setting CVar [[r.AmbientOcclusionRadiusScale:1.0]]
[2022.04.27-08.16.27:359][  0]LogConfig: Setting CVar [[r.DepthOfFieldQuality:2]]
[2022.04.27-08.16.27:359][  0]LogConfig: Setting CVar [[r.RenderTargetPoolMin:400]]
[2022.04.27-08.16.27:359][  0]LogConfig: Setting CVar [[r.LensFlareQuality:2]]
[2022.04.27-08.16.27:359][  0]LogConfig: Setting CVar [[r.SceneColorFringeQuality:1]]
[2022.04.27-08.16.27:359][  0]LogConfig: Setting CVar [[r.EyeAdaptationQuality:2]]
[2022.04.27-08.16.27:359][  0]LogConfig: Setting CVar [[r.BloomQuality:5]]
[2022.04.27-08.16.27:359][  0]LogConfig: Setting CVar [[r.FastBlurThreshold:100]]
[2022.04.27-08.16.27:360][  0]LogConfig: Setting CVar [[r.Upscale.Quality:3]]
[2022.04.27-08.16.27:360][  0]LogConfig: Setting CVar [[r.Tonemapper.GrainQuantization:1]]
[2022.04.27-08.16.27:360][  0]LogConfig: Setting CVar [[r.LightShaftQuality:1]]
[2022.04.27-08.16.27:360][  0]LogConfig: Setting CVar [[r.Filter.SizeScale:1]]
[2022.04.27-08.16.27:360][  0]LogConfig: Setting CVar [[r.Tonemapper.Quality:5]]
[2022.04.27-08.16.27:360][  0]LogConfig: Setting CVar [[r.DOF.Gather.AccumulatorQuality:1        ; higher gathering accumulator quality]]
[2022.04.27-08.16.27:360][  0]LogConfig: Setting CVar [[r.DOF.Gather.PostfilterMethod:1          ; Median3x3 postfilering method]]
[2022.04.27-08.16.27:360][  0]LogConfig: Setting CVar [[r.DOF.Gather.EnableBokehSettings:0       ; no bokeh simulation when gathering]]
[2022.04.27-08.16.27:360][  0]LogConfig: Setting CVar [[r.DOF.Gather.RingCount:4                 ; medium number of samples when gathering]]
[2022.04.27-08.16.27:360][  0]LogConfig: Setting CVar [[r.DOF.Scatter.ForegroundCompositing:1    ; additive foreground scattering]]
[2022.04.27-08.16.27:360][  0]LogConfig: Setting CVar [[r.DOF.Scatter.BackgroundCompositing:2    ; additive background scattering]]
[2022.04.27-08.16.27:360][  0]LogConfig: Setting CVar [[r.DOF.Scatter.EnableBokehSettings:1      ; bokeh simulation when scattering]]
[2022.04.27-08.16.27:361][  0]LogConfig: Setting CVar [[r.DOF.Scatter.MaxSpriteRatio:0.1         ; only a maximum of 10% of scattered bokeh]]
[2022.04.27-08.16.27:361][  0]LogConfig: Setting CVar [[r.DOF.Recombine.Quality:1                ; cheap slight out of focus]]
[2022.04.27-08.16.27:361][  0]LogConfig: Setting CVar [[r.DOF.Recombine.EnableBokehSettings:0    ; no bokeh simulation on slight out of focus]]
[2022.04.27-08.16.27:361][  0]LogConfig: Setting CVar [[r.DOF.TemporalAAQuality:1                ; more stable temporal accumulation]]
[2022.04.27-08.16.27:361][  0]LogConfig: Setting CVar [[r.DOF.Kernel.MaxForegroundRadius:0.025]]
[2022.04.27-08.16.27:361][  0]LogConfig: Setting CVar [[r.DOF.Kernel.MaxBackgroundRadius:0.025]]
[2022.04.27-08.16.27:361][  0]LogConfig: Applying CVar settings from Section [TextureQuality@3] File [D:/Unreal Projects/Task_2323_26422/Saved/Config/Windows/Scalability.ini]
[2022.04.27-08.16.27:361][  0]LogConfig: Setting CVar [[r.Streaming.MipBias:0]]
[2022.04.27-08.16.27:361][  0]LogConfig: Setting CVar [[r.Streaming.AmortizeCPUToGPUCopy:0]]
[2022.04.27-08.16.27:361][  0]LogConfig: Setting CVar [[r.Streaming.MaxNumTexturesToStreamPerFrame:0]]
[2022.04.27-08.16.27:361][  0]LogConfig: Setting CVar [[r.Streaming.Boost:1]]
[2022.04.27-08.16.27:362][  0]LogConfig: Setting CVar [[r.MaxAnisotropy:8]]
[2022.04.27-08.16.27:362][  0]LogConfig: Setting CVar [[r.VT.MaxAnisotropy:8]]
[2022.04.27-08.16.27:362][  0]LogConfig: Setting CVar [[r.Streaming.LimitPoolSizeToVRAM:0]]
[2022.04.27-08.16.27:362][  0]LogConfig: Setting CVar [[r.Streaming.PoolSize:1000]]
[2022.04.27-08.16.27:362][  0]LogConfig: Setting CVar [[r.Streaming.MaxEffectiveScreenSize:0]]
[2022.04.27-08.16.27:362][  0]LogConfig: Applying CVar settings from Section [EffectsQuality@3] File [D:/Unreal Projects/Task_2323_26422/Saved/Config/Windows/Scalability.ini]
[2022.04.27-08.16.27:362][  0]LogConfig: Setting CVar [[r.TranslucencyLightingVolumeDim:64]]
[2022.04.27-08.16.27:362][  0]LogConfig: Setting CVar [[r.RefractionQuality:2]]
[2022.04.27-08.16.27:362][  0]LogConfig: Setting CVar [[r.SSR.Quality:3]]
[2022.04.27-08.16.27:362][  0]LogConfig: Setting CVar [[r.SSR.HalfResSceneColor:0]]
[2022.04.27-08.16.27:362][  0]LogConfig: Setting CVar [[r.SceneColorFormat:4]]
[2022.04.27-08.16.27:363][  0]LogConfig: Setting CVar [[r.DetailMode:2]]
[2022.04.27-08.16.27:363][  0]LogConfig: Setting CVar [[r.TranslucencyVolumeBlur:1]]
[2022.04.27-08.16.27:363][  0]LogConfig: Setting CVar [[r.MaterialQualityLevel:1 ; High quality]]
[2022.04.27-08.16.27:363][  0]LogConfig: Setting CVar [[r.AnisotropicMaterials:1]]
[2022.04.27-08.16.27:363][  0]LogConfig: Setting CVar [[r.SSS.Scale:1]]
[2022.04.27-08.16.27:363][  0]LogConfig: Setting CVar [[r.SSS.SampleSet:2]]
[2022.04.27-08.16.27:363][  0]LogConfig: Setting CVar [[r.SSS.Quality:1]]
[2022.04.27-08.16.27:363][  0]LogConfig: Setting CVar [[r.SSS.HalfRes:0]]
[2022.04.27-08.16.27:363][  0]LogConfig: Setting CVar [[r.SSGI.Quality:3]]
[2022.04.27-08.16.27:363][  0]LogConfig: Setting CVar [[r.EmitterSpawnRateScale:1.0]]
[2022.04.27-08.16.27:363][  0]LogConfig: Setting CVar [[r.ParticleLightQuality:2]]
[2022.04.27-08.16.27:363][  0]LogConfig: Setting CVar [[r.SkyAtmosphere.AerialPerspectiveLUT.FastApplyOnOpaque:1 ; Always have FastSkyLUT 1 in this case to avoid wrong sky]]
[2022.04.27-08.16.27:364][  0]LogConfig: Setting CVar [[r.SkyAtmosphere.AerialPerspectiveLUT.SampleCountMaxPerSlice:4]]
[2022.04.27-08.16.27:364][  0]LogConfig: Setting CVar [[r.SkyAtmosphere.AerialPerspectiveLUT.DepthResolution:16.0]]
[2022.04.27-08.16.27:364][  0]LogConfig: Setting CVar [[r.SkyAtmosphere.FastSkyLUT:1]]
[2022.04.27-08.16.27:364][  0]LogConfig: Setting CVar [[r.SkyAtmosphere.FastSkyLUT.SampleCountMin:4.0]]
[2022.04.27-08.16.27:364][  0]LogConfig: Setting CVar [[r.SkyAtmosphere.FastSkyLUT.SampleCountMax:128.0]]
[2022.04.27-08.16.27:364][  0]LogConfig: Setting CVar [[r.SkyAtmosphere.SampleCountMin:4.0]]
[2022.04.27-08.16.27:364][  0]LogConfig: Setting CVar [[r.SkyAtmosphere.SampleCountMax:128.0]]
[2022.04.27-08.16.27:364][  0]LogConfig: Setting CVar [[r.SkyAtmosphere.TransmittanceLUT.UseSmallFormat:0]]
[2022.04.27-08.16.27:364][  0]LogConfig: Setting CVar [[r.SkyAtmosphere.TransmittanceLUT.SampleCount:10.0]]
[2022.04.27-08.16.27:364][  0]LogConfig: Setting CVar [[r.SkyAtmosphere.MultiScatteringLUT.SampleCount:15.0]]
[2022.04.27-08.16.27:364][  0]LogConfig: Setting CVar [[r.SkyLight.RealTimeReflectionCapture:1]]
[2022.04.27-08.16.27:365][  0]LogConfig: Applying CVar settings from Section [FoliageQuality@3] File [D:/Unreal Projects/Task_2323_26422/Saved/Config/Windows/Scalability.ini]
[2022.04.27-08.16.27:365][  0]LogConfig: Setting CVar [[foliage.DensityScale:1.0]]
[2022.04.27-08.16.27:365][  0]LogConfig: Setting CVar [[grass.DensityScale:1.0]]
[2022.04.27-08.16.27:365][  0]LogConfig: Applying CVar settings from Section [ShadingQuality@3] File [D:/Unreal Projects/Task_2323_26422/Saved/Config/Windows/Scalability.ini]
[2022.04.27-08.16.27:365][  0]LogConfig: Setting CVar [[r.HairStrands.SkyLighting.IntegrationType:2]]
[2022.04.27-08.16.27:365][  0]LogConfig: Setting CVar [[r.HairStrands.SkyAO.SampleCount:4]]
[2022.04.27-08.16.27:365][  0]LogConfig: Setting CVar [[r.HairStrands.Visibility.MSAA.SamplePerPixel:4]]
[2022.04.27-08.16.27:365][  0]LogInit: Selected Device Profile: [Windows]
[2022.04.27-08.16.27:365][  0]LogInit: Applying CVar settings loaded from the selected device profile: [Windows]
[2022.04.27-08.16.27:365][  0]LogHAL: Display: Platform has ~ 16 GB [17134735360 / 17179869184 / 16], which maps to Larger [LargestMinGB=32, LargerMinGB=12, DefaultMinGB=8, SmallerMinGB=6, SmallestMinGB=0)
[2022.04.27-08.16.27:366][  0]LogInit: Going up to parent DeviceProfile []
[2022.04.27-08.16.27:366][  0]LogConfig: Applying CVar settings from Section [ViewDistanceQuality@3] File [D:/Unreal Projects/Task_2323_26422/Saved/Config/Windows/Scalability.ini]
[2022.04.27-08.16.27:366][  0]LogConfig: Setting CVar [[r.SkeletalMeshLODBias:0]]
[2022.04.27-08.16.27:366][  0]LogConfig: Setting CVar [[r.ViewDistanceScale:1.0]]
[2022.04.27-08.16.27:366][  0]LogConfig: Applying CVar settings from Section [AntiAliasingQuality@3] File [D:/Unreal Projects/Task_2323_26422/Saved/Config/Windows/Scalability.ini]
[2022.04.27-08.16.27:366][  0]LogConfig: Setting CVar [[r.PostProcessAAQuality:4]]
[2022.04.27-08.16.27:366][  0]LogConfig: Applying CVar settings from Section [ShadowQuality@3] File [D:/Unreal Projects/Task_2323_26422/Saved/Config/Windows/Scalability.ini]
[2022.04.27-08.16.27:366][  0]LogConfig: Setting CVar [[r.LightFunctionQuality:1]]
[2022.04.27-08.16.27:366][  0]LogConfig: Setting CVar [[r.ShadowQuality:5]]
[2022.04.27-08.16.27:366][  0]LogConfig: Setting CVar [[r.Shadow.CSM.MaxCascades:10]]
[2022.04.27-08.16.27:366][  0]LogConfig: Setting CVar [[r.Shadow.MaxResolution:2048]]
[2022.04.27-08.16.27:367][  0]LogConfig: Setting CVar [[r.Shadow.MaxCSMResolution:2048]]
[2022.04.27-08.16.27:367][  0]LogConfig: Setting CVar [[r.Shadow.RadiusThreshold:0.01]]
[2022.04.27-08.16.27:367][  0]LogConfig: Setting CVar [[r.Shadow.DistanceScale:1.0]]
[2022.04.27-08.16.27:367][  0]LogConfig: Setting CVar [[r.Shadow.CSM.TransitionScale:1.0]]
[2022.04.27-08.16.27:367][  0]LogConfig: Setting CVar [[r.Shadow.PreShadowResolutionFactor:1.0]]
[2022.04.27-08.16.27:367][  0]LogConfig: Setting CVar [[r.DistanceFieldShadowing:1]]
[2022.04.27-08.16.27:367][  0]LogConfig: Setting CVar [[r.DistanceFieldAO:1]]
[2022.04.27-08.16.27:367][  0]LogConfig: Setting CVar [[r.AOQuality:2]]
[2022.04.27-08.16.27:367][  0]LogConfig: Setting CVar [[r.VolumetricFog:1]]
[2022.04.27-08.16.27:367][  0]LogConfig: Setting CVar [[r.VolumetricFog.GridPixelSize:8]]
[2022.04.27-08.16.27:367][  0]LogConfig: Setting CVar [[r.VolumetricFog.GridSizeZ:128]]
[2022.04.27-08.16.27:368][  0]LogConfig: Setting CVar [[r.VolumetricFog.HistoryMissSupersampleCount:4]]
[2022.04.27-08.16.27:368][  0]LogConfig: Setting CVar [[r.LightMaxDrawDistanceScale:1]]
[2022.04.27-08.16.27:368][  0]LogConfig: Setting CVar [[r.CapsuleShadows:1]]
[2022.04.27-08.16.27:368][  0]LogConfig: Applying CVar settings from Section [PostProcessQuality@3] File [D:/Unreal Projects/Task_2323_26422/Saved/Config/Windows/Scalability.ini]
[2022.04.27-08.16.27:368][  0]LogConfig: Setting CVar [[r.MotionBlurQuality:4]]
[2022.04.27-08.16.27:368][  0]LogConfig: Setting CVar [[r.AmbientOcclusionMipLevelFactor:0.4]]
[2022.04.27-08.16.27:368][  0]LogConfig: Setting CVar [[r.AmbientOcclusionMaxQuality:100]]
[2022.04.27-08.16.27:368][  0]LogConfig: Setting CVar [[r.AmbientOcclusionLevels:-1]]
[2022.04.27-08.16.27:368][  0]LogConfig: Setting CVar [[r.AmbientOcclusionRadiusScale:1.0]]
[2022.04.27-08.16.27:368][  0]LogConfig: Setting CVar [[r.DepthOfFieldQuality:2]]
[2022.04.27-08.16.27:368][  0]LogConfig: Setting CVar [[r.RenderTargetPoolMin:400]]
[2022.04.27-08.16.27:368][  0]LogConfig: Setting CVar [[r.LensFlareQuality:2]]
[2022.04.27-08.16.27:369][  0]LogConfig: Setting CVar [[r.SceneColorFringeQuality:1]]
[2022.04.27-08.16.27:369][  0]LogConfig: Setting CVar [[r.EyeAdaptationQuality:2]]
[2022.04.27-08.16.27:369][  0]LogConfig: Setting CVar [[r.BloomQuality:5]]
[2022.04.27-08.16.27:369][  0]LogConfig: Setting CVar [[r.FastBlurThreshold:100]]
[2022.04.27-08.16.27:369][  0]LogConfig: Setting CVar [[r.Upscale.Quality:3]]
[2022.04.27-08.16.27:369][  0]LogConfig: Setting CVar [[r.Tonemapper.GrainQuantization:1]]
[2022.04.27-08.16.27:369][  0]LogConfig: Setting CVar [[r.LightShaftQuality:1]]
[2022.04.27-08.16.27:369][  0]LogConfig: Setting CVar [[r.Filter.SizeScale:1]]
[2022.04.27-08.16.27:369][  0]LogConfig: Setting CVar [[r.Tonemapper.Quality:5]]
[2022.04.27-08.16.27:369][  0]LogConfig: Setting CVar [[r.DOF.Gather.AccumulatorQuality:1        ; higher gathering accumulator quality]]
[2022.04.27-08.16.27:369][  0]LogConfig: Setting CVar [[r.DOF.Gather.PostfilterMethod:1          ; Median3x3 postfilering method]]
[2022.04.27-08.16.27:370][  0]LogConfig: Setting CVar [[r.DOF.Gather.EnableBokehSettings:0       ; no bokeh simulation when gathering]]
[2022.04.27-08.16.27:370][  0]LogConfig: Setting CVar [[r.DOF.Gather.RingCount:4                 ; medium number of samples when gathering]]
[2022.04.27-08.16.27:370][  0]LogConfig: Setting CVar [[r.DOF.Scatter.ForegroundCompositing:1    ; additive foreground scattering]]
[2022.04.27-08.16.27:370][  0]LogConfig: Setting CVar [[r.DOF.Scatter.BackgroundCompositing:2    ; additive background scattering]]
[2022.04.27-08.16.27:370][  0]LogConfig: Setting CVar [[r.DOF.Scatter.EnableBokehSettings:1      ; bokeh simulation when scattering]]
[2022.04.27-08.16.27:370][  0]LogConfig: Setting CVar [[r.DOF.Scatter.MaxSpriteRatio:0.1         ; only a maximum of 10% of scattered bokeh]]
[2022.04.27-08.16.27:370][  0]LogConfig: Setting CVar [[r.DOF.Recombine.Quality:1                ; cheap slight out of focus]]
[2022.04.27-08.16.27:370][  0]LogConfig: Setting CVar [[r.DOF.Recombine.EnableBokehSettings:0    ; no bokeh simulation on slight out of focus]]
[2022.04.27-08.16.27:370][  0]LogConfig: Setting CVar [[r.DOF.TemporalAAQuality:1                ; more stable temporal accumulation]]
[2022.04.27-08.16.27:370][  0]LogConfig: Setting CVar [[r.DOF.Kernel.MaxForegroundRadius:0.025]]
[2022.04.27-08.16.27:370][  0]LogConfig: Setting CVar [[r.DOF.Kernel.MaxBackgroundRadius:0.025]]
[2022.04.27-08.16.27:370][  0]LogConfig: Applying CVar settings from Section [TextureQuality@3] File [D:/Unreal Projects/Task_2323_26422/Saved/Config/Windows/Scalability.ini]
[2022.04.27-08.16.27:371][  0]LogConfig: Setting CVar [[r.Streaming.MipBias:0]]
[2022.04.27-08.16.27:371][  0]LogConfig: Setting CVar [[r.Streaming.AmortizeCPUToGPUCopy:0]]
[2022.04.27-08.16.27:371][  0]LogConfig: Setting CVar [[r.Streaming.MaxNumTexturesToStreamPerFrame:0]]
[2022.04.27-08.16.27:371][  0]LogConfig: Setting CVar [[r.Streaming.Boost:1]]
[2022.04.27-08.16.27:371][  0]LogConfig: Setting CVar [[r.MaxAnisotropy:8]]
[2022.04.27-08.16.27:371][  0]LogConfig: Setting CVar [[r.VT.MaxAnisotropy:8]]
[2022.04.27-08.16.27:371][  0]LogConfig: Setting CVar [[r.Streaming.LimitPoolSizeToVRAM:0]]
[2022.04.27-08.16.27:371][  0]LogConfig: Setting CVar [[r.Streaming.PoolSize:1000]]
[2022.04.27-08.16.27:371][  0]LogConfig: Setting CVar [[r.Streaming.MaxEffectiveScreenSize:0]]
[2022.04.27-08.16.27:371][  0]LogConfig: Applying CVar settings from Section [EffectsQuality@3] File [D:/Unreal Projects/Task_2323_26422/Saved/Config/Windows/Scalability.ini]
[2022.04.27-08.16.27:371][  0]LogConfig: Setting CVar [[r.TranslucencyLightingVolumeDim:64]]
[2022.04.27-08.16.27:372][  0]LogConfig: Setting CVar [[r.RefractionQuality:2]]
[2022.04.27-08.16.27:372][  0]LogConfig: Setting CVar [[r.SSR.Quality:3]]
[2022.04.27-08.16.27:372][  0]LogConfig: Setting CVar [[r.SSR.HalfResSceneColor:0]]
[2022.04.27-08.16.27:372][  0]LogConfig: Setting CVar [[r.SceneColorFormat:4]]
[2022.04.27-08.16.27:372][  0]LogConfig: Setting CVar [[r.DetailMode:2]]
[2022.04.27-08.16.27:372][  0]LogConfig: Setting CVar [[r.TranslucencyVolumeBlur:1]]
[2022.04.27-08.16.27:372][  0]LogConfig: Setting CVar [[r.MaterialQualityLevel:1 ; High quality]]
[2022.04.27-08.16.27:372][  0]LogConfig: Setting CVar [[r.AnisotropicMaterials:1]]
[2022.04.27-08.16.27:372][  0]LogConfig: Setting CVar [[r.SSS.Scale:1]]
[2022.04.27-08.16.27:372][  0]LogConfig: Setting CVar [[r.SSS.SampleSet:2]]
[2022.04.27-08.16.27:372][  0]LogConfig: Setting CVar [[r.SSS.Quality:1]]
[2022.04.27-08.16.27:373][  0]LogConfig: Setting CVar [[r.SSS.HalfRes:0]]
[2022.04.27-08.16.27:373][  0]LogConfig: Setting CVar [[r.SSGI.Quality:3]]
[2022.04.27-08.16.27:373][  0]LogConfig: Setting CVar [[r.EmitterSpawnRateScale:1.0]]
[2022.04.27-08.16.27:373][  0]LogConfig: Setting CVar [[r.ParticleLightQuality:2]]
[2022.04.27-08.16.27:373][  0]LogConfig: Setting CVar [[r.SkyAtmosphere.AerialPerspectiveLUT.FastApplyOnOpaque:1 ; Always have FastSkyLUT 1 in this case to avoid wrong sky]]
[2022.04.27-08.16.27:373][  0]LogConfig: Setting CVar [[r.SkyAtmosphere.AerialPerspectiveLUT.SampleCountMaxPerSlice:4]]
[2022.04.27-08.16.27:373][  0]LogConfig: Setting CVar [[r.SkyAtmosphere.AerialPerspectiveLUT.DepthResolution:16.0]]
[2022.04.27-08.16.27:373][  0]LogConfig: Setting CVar [[r.SkyAtmosphere.FastSkyLUT:1]]
[2022.04.27-08.16.27:373][  0]LogConfig: Setting CVar [[r.SkyAtmosphere.FastSkyLUT.SampleCountMin:4.0]]
[2022.04.27-08.16.27:373][  0]LogConfig: Setting CVar [[r.SkyAtmosphere.FastSkyLUT.SampleCountMax:128.0]]
[2022.04.27-08.16.27:373][  0]LogConfig: Setting CVar [[r.SkyAtmosphere.SampleCountMin:4.0]]
[2022.04.27-08.16.27:373][  0]LogConfig: Setting CVar [[r.SkyAtmosphere.SampleCountMax:128.0]]
[2022.04.27-08.16.27:374][  0]LogConfig: Setting CVar [[r.SkyAtmosphere.TransmittanceLUT.UseSmallFormat:0]]
[2022.04.27-08.16.27:374][  0]LogConfig: Setting CVar [[r.SkyAtmosphere.TransmittanceLUT.SampleCount:10.0]]
[2022.04.27-08.16.27:374][  0]LogConfig: Setting CVar [[r.SkyAtmosphere.MultiScatteringLUT.SampleCount:15.0]]
[2022.04.27-08.16.27:374][  0]LogConfig: Setting CVar [[r.SkyLight.RealTimeReflectionCapture:1]]
[2022.04.27-08.16.27:374][  0]LogConfig: Applying CVar settings from Section [FoliageQuality@3] File [D:/Unreal Projects/Task_2323_26422/Saved/Config/Windows/Scalability.ini]
[2022.04.27-08.16.27:374][  0]LogConfig: Setting CVar [[foliage.DensityScale:1.0]]
[2022.04.27-08.16.27:374][  0]LogConfig: Setting CVar [[grass.DensityScale:1.0]]
[2022.04.27-08.16.27:374][  0]LogConfig: Applying CVar settings from Section [ShadingQuality@3] File [D:/Unreal Projects/Task_2323_26422/Saved/Config/Windows/Scalability.ini]
[2022.04.27-08.16.27:374][  0]LogConfig: Setting CVar [[r.HairStrands.SkyLighting.IntegrationType:2]]
[2022.04.27-08.16.27:374][  0]LogConfig: Setting CVar [[r.HairStrands.SkyAO.SampleCount:4]]
[2022.04.27-08.16.27:375][  0]LogConfig: Setting CVar [[r.HairStrands.Visibility.MSAA.SamplePerPixel:4]]
[2022.04.27-08.16.27:375][  0]LogConfig: Applying CVar settings from Section [Startup] File [../../../Engine/Config/ConsoleVariables.ini]
[2022.04.27-08.16.27:375][  0]LogConfig: Setting CVar [[net.UseAdaptiveNetUpdateFrequency:0]]
[2022.04.27-08.16.27:375][  0]LogConfig: Setting CVar [[p.chaos.AllowCreatePhysxBodies:1]]
[2022.04.27-08.16.27:375][  0]LogConfig: Setting CVar [[fx.SkipVectorVMBackendOptimizations:1]]
[2022.04.27-08.16.27:375][  0]LogConfig: Applying CVar settings from Section [ConsoleVariables] File [D:/Unreal Projects/Task_2323_26422/Saved/Config/Windows/Engine.ini]
[2022.04.27-08.16.27:375][  0]LogConfig: Applying CVar settings from Section [ConsoleVariables] File [D:/Unreal Projects/Task_2323_26422/Saved/Config/Windows/Editor.ini]
[2022.04.27-08.16.27:376][  0]LogInit: Computer: DESKTOP-9VOKLBP
[2022.04.27-08.16.27:376][  0]LogInit: User: DanishN
[2022.04.27-08.16.27:376][  0]LogInit: CPU Page size=4096, Cores=4
[2022.04.27-08.16.27:376][  0]LogInit: High frequency timer resolution =10.000000 MHz
[2022.04.27-08.16.27:376][  0]LogMemory: Memory total: Physical=16.0GB (16GB approx)
[2022.04.27-08.16.27:376][  0]LogMemory: Platform Memory Stats for Windows
[2022.04.27-08.16.27:376][  0]LogMemory: Process Physical Memory: 144.14 MB used, 144.15 MB peak
[2022.04.27-08.16.27:376][  0]LogMemory: Process Virtual Memory: 114.34 MB used, 114.34 MB peak
[2022.04.27-08.16.27:376][  0]LogMemory: Physical Memory: 7954.49 MB used,  8386.47 MB free, 16340.96 MB total
[2022.04.27-08.16.27:376][  0]LogMemory: Virtual Memory: 134209256.00 MB used,  8474.55 MB free, 134217728.00 MB total
[2022.04.27-08.16.27:394][  0]LogWindows: WindowsPlatformFeatures enabled
[2022.04.27-08.16.27:882][  0]LogInit: Physics initialised using underlying interface: PhysX
[2022.04.27-08.16.27:884][  0]LogInit: Using OS detected language (en-US).
[2022.04.27-08.16.27:884][  0]LogInit: Using OS detected locale (en-IN).
[2022.04.27-08.16.27:890][  0]LogTextLocalizationManager: No specific localization for 'en-US' exists, so the 'en' localization will be used.
[2022.04.27-08.16.28:120][  0]LogInit: Setting process to per monitor DPI aware
[2022.04.27-08.16.28:167][  0]LogWindowsTextInputMethodSystem: Display: IME system deactivated.
[2022.04.27-08.16.28:195][  0]LogSlate: New Slate User Created.  User Index 0, Is Virtual User: 0
[2022.04.27-08.16.28:195][  0]LogSlate: Slate User Registered.  User Index 0, Is Virtual User: 0
[2022.04.27-08.16.28:356][  0]LogD3D11RHI: Loaded GFSDK_Aftermath_Lib.x64.dll
[2022.04.27-08.16.28:375][  0]LogHMD: Failed to initialize OpenVR with code 110
[2022.04.27-08.16.28:375][  0]LogD3D11RHI: D3D11 min allowed feature level: 11_0
[2022.04.27-08.16.28:375][  0]LogD3D11RHI: D3D11 max allowed feature level: 11_0
[2022.04.27-08.16.28:375][  0]LogD3D11RHI: D3D11 adapters:
[2022.04.27-08.16.28:521][  0]LogD3D11RHI:    0. 'NVIDIA GeForce GTX 1060' (Feature Level 11_0)
[2022.04.27-08.16.28:521][  0]LogD3D11RHI:       6052/0/8170 MB DedicatedVideo/DedicatedSystem/SharedSystem, Outputs:1, VendorId:0x10de
[2022.04.27-08.16.28:534][  0]LogD3D11RHI:    1. 'Microsoft Basic Render Driver' (Feature Level 11_0)
[2022.04.27-08.16.28:534][  0]LogD3D11RHI:       0/0/8170 MB DedicatedVideo/DedicatedSystem/SharedSystem, Outputs:0, VendorId:0x1414
[2022.04.27-08.16.28:535][  0]LogD3D11RHI: Chosen D3D11 Adapter:
[2022.04.27-08.16.28:535][  0]LogD3D11RHI:     Description : NVIDIA GeForce GTX 1060
[2022.04.27-08.16.28:535][  0]LogD3D11RHI:     VendorId    : 10de
[2022.04.27-08.16.28:535][  0]LogD3D11RHI:     DeviceId    : 1c20
[2022.04.27-08.16.28:535][  0]LogD3D11RHI:     SubSysId    : 18901043
[2022.04.27-08.16.28:535][  0]LogD3D11RHI:     Revision    : 00a1
[2022.04.27-08.16.28:535][  0]LogD3D11RHI:     DedicatedVideoMemory : 6345981952 bytes
[2022.04.27-08.16.28:535][  0]LogD3D11RHI:     DedicatedSystemMemory : 0 bytes
[2022.04.27-08.16.28:536][  0]LogD3D11RHI:     SharedSystemMemory : 8567367680 bytes
[2022.04.27-08.16.28:536][  0]LogD3D11RHI:     AdapterLuid : 0 59502
[2022.04.27-08.16.28:543][  0]LogD3D11RHI: Creating new Direct3DDevice
[2022.04.27-08.16.28:543][  0]LogD3D11RHI:     GPU DeviceId: 0x1c20 (for the marketing name, search the web for "GPU Device Id")
[2022.04.27-08.16.28:543][  0]LogWindows: EnumDisplayDevices:
[2022.04.27-08.16.28:543][  0]LogWindows:    0. 'NVIDIA GeForce GTX 1060' (P:1 D:1)
[2022.04.27-08.16.28:544][  0]LogWindows:    1. 'NVIDIA GeForce GTX 1060' (P:0 D:0)
[2022.04.27-08.16.28:544][  0]LogWindows:    2. 'NVIDIA GeForce GTX 1060' (P:0 D:0)
[2022.04.27-08.16.28:545][  0]LogWindows:    3. 'NVIDIA GeForce GTX 1060' (P:0 D:0)
[2022.04.27-08.16.28:545][  0]LogWindows: DebugString: FoundDriverCount:4 
[2022.04.27-08.16.28:545][  0]LogD3D11RHI:     Adapter Name: NVIDIA GeForce GTX 1060
[2022.04.27-08.16.28:545][  0]LogD3D11RHI:   Driver Version: 445.87 (internal:26.21.14.4587, unified:445.87)
[2022.04.27-08.16.28:545][  0]LogD3D11RHI:      Driver Date: 4-3-2020
[2022.04.27-08.16.28:546][  0]LogRHI: Texture pool is 4236 MB (70% of 6052 MB)
[2022.04.27-08.16.28:546][  0]LogD3D11RHI: Creating D3DDevice using adapter:
[2022.04.27-08.16.28:546][  0]LogD3D11RHI:     Description : NVIDIA GeForce GTX 1060
[2022.04.27-08.16.28:546][  0]LogD3D11RHI:     VendorId    : 10de
[2022.04.27-08.16.28:546][  0]LogD3D11RHI:     DeviceId    : 1c20
[2022.04.27-08.16.28:546][  0]LogD3D11RHI:     SubSysId    : 18901043
[2022.04.27-08.16.28:546][  0]LogD3D11RHI:     Revision    : 00a1
[2022.04.27-08.16.28:546][  0]LogD3D11RHI:     DedicatedVideoMemory : 6345981952 bytes
[2022.04.27-08.16.28:546][  0]LogD3D11RHI:     DedicatedSystemMemory : 0 bytes
[2022.04.27-08.16.28:546][  0]LogD3D11RHI:     SharedSystemMemory : 8567367680 bytes
[2022.04.27-08.16.28:547][  0]LogD3D11RHI:     AdapterLuid : 0 59502
[2022.04.27-08.16.28:629][  0]LogD3D11RHI: RHI has support for 64 bit atomics
[2022.04.27-08.16.28:629][  0]LogD3D11RHI: Async texture creation enabled
[2022.04.27-08.16.28:630][  0]LogD3D11RHI: Array index from any shader is supported
[2022.04.27-08.16.28:649][  0]LogD3D11RHI: GPU Timing Frequency: 1000.000000 (Debug: 2 1)
[2022.04.27-08.16.28:713][  0]LogRHI: GeForceNow SDK initialized: 1
[2022.04.27-08.16.29:137][  0]LogTargetPlatformManager: Display: Loaded TargetPlatform 'AllDesktop'
[2022.04.27-08.16.29:175][  0]LogTargetPlatformManager: Display: Loaded TargetPlatform 'Android'
[2022.04.27-08.16.29:175][  0]LogTargetPlatformManager: Display: Loaded TargetPlatform 'Android_ASTC'
[2022.04.27-08.16.29:176][  0]LogTargetPlatformManager: Display: Loaded TargetPlatform 'Android_DXT'
[2022.04.27-08.16.29:176][  0]LogTargetPlatformManager: Display: Loaded TargetPlatform 'Android_ETC2'
[2022.04.27-08.16.29:176][  0]LogTargetPlatformManager: Display: Loaded TargetPlatform 'AndroidClient'
[2022.04.27-08.16.29:176][  0]LogTargetPlatformManager: Display: Loaded TargetPlatform 'Android_ASTCClient'
[2022.04.27-08.16.29:176][  0]LogTargetPlatformManager: Display: Loaded TargetPlatform 'Android_DXTClient'
[2022.04.27-08.16.29:176][  0]LogTargetPlatformManager: Display: Loaded TargetPlatform 'Android_ETC2Client'
[2022.04.27-08.16.29:176][  0]LogTargetPlatformManager: Display: Loaded TargetPlatform 'Android_Multi'
[2022.04.27-08.16.29:176][  0]LogTargetPlatformManager: Display: Loaded TargetPlatform 'Android_MultiClient'
[2022.04.27-08.16.29:213][  0]LogTargetPlatformManager: Display: Loaded TargetPlatform 'IOSClient'
[2022.04.27-08.16.29:214][  0]LogTargetPlatformManager: Display: Loaded TargetPlatform 'IOS'
[2022.04.27-08.16.29:228][  0]LogTargetPlatformManager: Display: Loaded TargetPlatform 'Linux'
[2022.04.27-08.16.29:238][  0]LogTargetPlatformManager: Display: Loaded TargetPlatform 'LinuxNoEditor'
[2022.04.27-08.16.29:248][  0]LogTargetPlatformManager: Display: Loaded TargetPlatform 'LinuxClient'
[2022.04.27-08.16.29:256][  0]LogTargetPlatformManager: Display: Loaded TargetPlatform 'LinuxServer'
[2022.04.27-08.16.29:270][  0]LogTargetPlatformManager: Display: Loaded TargetPlatform 'LinuxAArch64NoEditor'
[2022.04.27-08.16.29:280][  0]LogTargetPlatformManager: Display: Loaded TargetPlatform 'LinuxAArch64Client'
[2022.04.27-08.16.29:291][  0]LogTargetPlatformManager: Display: Loaded TargetPlatform 'LinuxAArch64Server'
[2022.04.27-08.16.29:331][  0]LogTargetPlatformManager: Display: Loaded TargetPlatform 'Lumin'
[2022.04.27-08.16.29:331][  0]LogTargetPlatformManager: Display: Loaded TargetPlatform 'LuminClient'
[2022.04.27-08.16.29:343][  0]LogTargetPlatformManager: Display: Loaded TargetPlatform 'MacNoEditor'
[2022.04.27-08.16.29:353][  0]LogTargetPlatformManager: Display: Loaded TargetPlatform 'Mac'
[2022.04.27-08.16.29:362][  0]LogTargetPlatformManager: Display: Loaded TargetPlatform 'MacClient'
[2022.04.27-08.16.29:374][  0]LogTargetPlatformManager: Display: Loaded TargetPlatform 'MacServer'
[2022.04.27-08.16.29:393][  0]LogTargetPlatformManager: Display: Loaded TargetPlatform 'TVOSClient'
[2022.04.27-08.16.29:393][  0]LogTargetPlatformManager: Display: Loaded TargetPlatform 'TVOS'
[2022.04.27-08.16.29:407][  0]LogTargetPlatformManager: Display: Loaded TargetPlatform 'WindowsNoEditor'
[2022.04.27-08.16.29:415][  0]LogTargetPlatformManager: Display: Loaded TargetPlatform 'Windows'
[2022.04.27-08.16.29:429][  0]LogTargetPlatformManager: Display: Loaded TargetPlatform 'WindowsClient'
[2022.04.27-08.16.29:438][  0]LogTargetPlatformManager: Display: Loaded TargetPlatform 'WindowsServer'
[2022.04.27-08.16.29:438][  0]LogTargetPlatformManager: Display: Building Assets For Windows
[2022.04.27-08.16.29:458][  0]LogAudioDebug: Display: Lib vorbis DLL was dynamically loaded.
[2022.04.27-08.16.29:538][  0]LogTextureFormatOodle: Display: Oodle Texture 2.9.0 init RDO Off
[2022.04.27-08.16.29:712][  0]LogRendererCore: Ray tracing is disabled. Reason: r.RayTracing=0.
[2022.04.27-08.16.29:713][  0]LogShaderCompilers: Guid format shader working directory is 5 characters bigger than the processId version (../../../../Unreal Projects/Task_2323_26422/Intermediate/Shaders/WorkingDirectory/13164/).
[2022.04.27-08.16.29:714][  0]LogShaderCompilers: Cleaned the shader compiler working directory 'C:/Users/Danish_N/AppData/Local/Temp/UnrealShaderWorkingDir/5659B3F54571F5989E37C7A850C3486D/'.
[2022.04.27-08.16.29:714][  0]LogXGEController: Cannot use XGE Controller as Incredibuild is not installed on this machine.
[2022.04.27-08.16.29:714][  0]LogShaderCompilers: Cannot use XGE Shader Compiler as Incredibuild is not installed on this machine.
[2022.04.27-08.16.29:714][  0]LogShaderCompilers: Display: Using Local Shader Compiler.
[2022.04.27-08.16.30:944][  0]LogDerivedDataCache: Display: Max Cache Size: 512 MB
[2022.04.27-08.16.31:019][  0]LogDerivedDataCache: Loaded boot cache 0.08s 103MB C:/Users/Danish_N/AppData/Local/UnrealEngine/4.27/DerivedDataCache/Boot.ddc.
[2022.04.27-08.16.31:020][  0]LogDerivedDataCache: Display: Loaded Boot cache: C:/Users/Danish_N/AppData/Local/UnrealEngine/4.27/DerivedDataCache/Boot.ddc
[2022.04.27-08.16.31:020][  0]LogDerivedDataCache: FDerivedDataBackendGraph:  Pak pak cache file ../../../../Unreal Projects/Task_2323_26422/DerivedDataCache/DDC.ddp not found, will not use a pak cache.
[2022.04.27-08.16.31:020][  0]LogDerivedDataCache: Unable to find inner node Pak for hierarchical cache Hierarchy.
[2022.04.27-08.16.31:020][  0]LogDerivedDataCache: FDerivedDataBackendGraph:  CompressedPak pak cache file ../../../../Unreal Projects/Task_2323_26422/DerivedDataCache/Compressed.ddp not found, will not use a pak cache.
[2022.04.27-08.16.31:020][  0]LogDerivedDataCache: Unable to find inner node CompressedPak for hierarchical cache Hierarchy.
[2022.04.27-08.16.31:043][  0]LogDerivedDataCache: Display: Pak cache opened for reading ../../../Engine/DerivedDataCache/Compressed.ddp.
[2022.04.27-08.16.31:044][  0]LogDerivedDataCache: FDerivedDataBackendGraph:  EnterprisePak pak cache file ../../../Enterprise/DerivedDataCache/Compressed.ddp not found, will not use a pak cache.
[2022.04.27-08.16.31:044][  0]LogDerivedDataCache: Unable to find inner node EnterprisePak for hierarchical cache Hierarchy.
[2022.04.27-08.16.31:064][  0]LogDerivedDataCache: Speed tests for C:/Users/Danish_N/AppData/Local/UnrealEngine/Common/DerivedDataCache took 0.02 seconds
[2022.04.27-08.16.31:067][  0]LogDerivedDataCache: Display: Performance to C:/Users/Danish_N/AppData/Local/UnrealEngine/Common/DerivedDataCache: Latency=0.07ms. RandomReadSpeed=997.84MBs, RandomWriteSpeed=50.34MBs. Assigned SpeedClass 'Local'
[2022.04.27-08.16.31:073][  0]LogDerivedDataCache: Using Local data cache path C:/Users/Danish_N/AppData/Local/UnrealEngine/Common/DerivedDataCache: Writable
[2022.04.27-08.16.31:073][  0]LogDerivedDataCache: Shared data cache path not found in *engine.ini, will not use an Shared cache.
[2022.04.27-08.16.31:073][  0]LogDerivedDataCache: Unable to find inner node Shared for hierarchical cache Hierarchy.
[2022.04.27-08.16.31:150][  0]LogSlate: Using FreeType 2.10.0
[2022.04.27-08.16.31:151][  0]LogSlate: SlateFontServices - WITH_FREETYPE: 1, WITH_HARFBUZZ: 1
[2022.04.27-08.16.31:186][  0]LogAssetRegistry: FAssetRegistry took 0.0050 seconds to start up
[2022.04.27-08.16.31:537][  0]LogInit: Selected Device Profile: [Windows]
[2022.04.27-08.16.31:538][  0]LogInit: Active device profile: [0000016B9F72B600][0000016B921F6F00 49] Windows
[2022.04.27-08.16.31:538][  0]LogInit: Profiles: [0000016B9F72B600][0000016B921F6F00 49] Windows, [0000016B9F6C0100][0000016B926D1080 49] WindowsNoEditor, [0000016B9F6B0200][0000016B9DA01200 49] WindowsServer, [0000016B9F6C2300][0000016B9ECB5380 49] WindowsClient, [0000016B9F6B1D00][0000016B9ECB9500 49] IOS, [0000016B9F6C2100][0000016B9D989680 49] iPadAir, [0000016B9F6B2000][0000016B9D98D800 49] iPadAir2, [0000016B9F66C500][0000016B9D995AC0 49] IPadPro, [0000016B9F66C600][0000016B9D991B00 49] iPadAir3, [0000016B9F6B3A00][0000016B9D998100 49] iPadAir4, [0000016B9F66FE00][0000016B9D99C280 49] iPadMini2, [0000016B9F6B0800][0000016B9D9A0400 49] iPadMini3, [0000016B9F66D300][0000016B9D9A4580 49] iPadMini4, [0000016B9F6B3200][0000016B9D9A8700 49] iPadMini5, [0000016B9F663D00][0000016B9D97A980 49] iPhone6, [0000016B9F663E00][0000016B9D9AC9C0 49] iPodTouch6, [0000016B9F66F500][0000016B9D9B4C00 49] iPhone7, [0000016B9F66F600][0000016B9D9B0C40 49] iPodTouch7, [0000016B9F660700][0000016B9D9B8D80 49] iPhone5S, [0000016B9F66F900][0000016B9D9C0F00 49] iPhone6Plus, [0000016B9F663100][0000016B9EBCF080 49] iPhone6S, [0000016B9F66FC00][0000016B9EBD3200 49] iPhone6SPlus, [0000016B9F661000][0000016B9EBD7380 49] iPhone7Plus, [0000016B9F66F300][0000016B9EBDB500 49] iPhoneSE, [0000016B9F662800][0000016B9EBDF680 49] iPhone8, [0000016B9F66C400][0000016B9EBE3800 49] iPhone8Plus, [0000016B9F661800][0000016B9EBE7980 49] iPhoneX, [0000016B9F66EA00][0000016B9EBEBB00 49] iPhoneXS, [0000016B9F660A00][0000016B9EBEE100 49] iPhoneXSMax, [0000016B9F66D000][0000016B9EBF2280 49] iPhoneXR, [0000016B9F662E00][0000016B9EBF6400 49] iPhone11, [0000016B9F66DC00][0000016B9EBFA580 49] iPhone11Pro, [0000016B9F661400][0000016B9EBFE700 49] iPhone11ProMax, [0000016B9F66E900][0000016B9EC02880 49] iPhoneSE2, [0000016B9F663F00][0000016B9EC06A00 49] iPhone12Mini, [0000016B9F66D400][0000016B9D9BCB40 49] iPhone12, [0000016B9F662100][0000016B9EC0AC80 49] iPhone12Pro, [0000016B9F66FA00][0000016B9EC0EDC0 49] iPhone12ProMax, [0000016B9F660900][0000016B9D75CF00 49] iPadPro105, [0000016B9F66E300][0000016B9D765080 49] iPadPro129, [0000016B9F661700][0000016B9D769200 49] iPadPro97, [0000016B9F66C700][0000016B9D76D380 49] iPadPro2_129, [0000016B9F662F00][0000016B9D771500 49] iPad5, [0000016B9F66DB00][0000016B9D775680 49] iPad6, [0000016B9F662200][0000016B9D779800 49] iPad7, [0000016B9F66FF00][0000016B9D77D980 49] iPad8, [0000016B9F660500][0000016B9D781B00 49] iPadPro11, [0000016B9F66E100][0000016B9D784100 49] iPadPro2_11, [0000016B9F663B00][0000016B9D788280 49] iPadPro3_129, [0000016B9F66CF00][0000016B9D78C400 49] iPadPro4_129, [0000016B9F662400][0000016B9D790580 49] AppleTV, [0000016B9F66E500][0000016B9D794700 49] AppleTV4K, [0000016B9F660200][0000016B9D798880 49] TVOS, [0000016B9F66EE00][0000016B9D79CA00 49] Mac, [0000016B9F662A00][0000016B9D7A0B80 49] MacClient, [0000016B9F66E800][0000016B9EE3ED00 49] MacNoEditor, [0000016B9F663A00][0000016B9D760E40 49] MacServer, [0000016B9F66DD00][0000016B9EE42F80 49] Linux, [0000016B9F660E00][0000016B9EE470C0 49] LinuxAArch64, [0000016B9F66DA00][0000016B9EE4F240 49] LinuxNoEditor, [0000016B9F661F00][0000016B9EE533C0 49] LinuxAArch64NoEditor, [0000016B9F66F800][0000016B9EE57540 49] LinuxClient, [0000016B9F663700][0000016B9EE5B6C0 49] LinuxAArch64Client, [0000016B9F66CA00][0000016B9EE5F840 49] LinuxServer, [0000016B9F660C00][0000016B9EE639C0 49] LinuxAArch64Server, [0000016B9F66E200][0000016B9EE67B40 49] Android, [0000016B9F660400][0000016B9EE6A140 49] Android_Low, [0000016B9F728100][0000016B9EE6E2C0 49] Android_Mid, [0000016B9F6C0300][0000016B9EE72440 49] Android_High, [0000016B9F728E00][0000016B9EE765C0 49] Android_Default, [0000016B9F6C2900][0000016B9EE7A740 49] Android_Adreno4xx, [0000016B9F72B100][0000016B9EE7E8C0 49] Android_Adreno5xx_Low, [0000016B9F6C0800][0000016B9EE82A40 49] Android_Adreno5xx, [0000016B9F72A500][0000016B9EE86BC0 49] Android_Adreno6xx, [0000016B9F6C0400][0000016B9EE8AD40 49] Android_Adreno6xx_Vulkan, [0000016B9F728A00][0000016B9EE8EEC0 49] Android_Mali_T6xx, [0000016B9F6C1400][0000016B9EE4B000 49] Android_Mali_T7xx, [0000016B9F72A800][0000016B9EE93140 49] Android_Mali_T8xx, [0000016B9F6C1200][0000016B9EE97280 49] Android_Mali_G71, [0000016B9F729500][0000016B9EE9B3C0 49] Android_Mali_G72, [0000016B9F6C2C00][0000016B95881540 49] Android_Mali_G72_Vulkan, [0000016B9F72B300][0000016B958856C0 49] Android_Mali_G76, [0000016B9F6C3000][0000016B95889840 49] Android_Mali_G76_Vulkan, [0000016B9F728200][0000016B9588D9C0 49] Android_Mali_G77, [0000016B9F6C1800][0000016B95891B40 49] Android_Mali_G77_Vulkan, [0000016B9F72B000][0000016B95894140 49] Android_Mali_G78, [0000016B9F6C3200][0000016B958982C0 49] Android_Mali_G78_Vulkan, [0000016B9F729200][0000016B9589C440 49] Android_Mali_G710, [0000016B9F6C1A00][0000016B958A05C0 49] Android_Mali_G710_Vulkan, [0000016B9F72A900][0000016B958A4740 49] Android_Vulkan_SM5, [0000016B9F6C2800][0000016B958A88C0 49] Android_PowerVR_G6xxx, [0000016B9F729B00][0000016B958ACA40 49] Android_PowerVR_GT7xxx, [0000016B9F6C0A00][0000016B958B0BC0 49] Android_PowerVR_GE8xxx, [0000016B9F728B00][0000016B958B4D40 49] Android_PowerVR_GM9xxx, [0000016B9F6C0D00][0000016B958B8EC0 49] Android_PowerVR_GM9xxx_Vulkan, [0000016B9F729D00][0000016B958BD040 49] Android_TegraK1, [0000016B9F66D800][0000016B9EE9F180 49] Android_Unknown_Vulkan, [0000016B9F729700][0000016B958C12C0 49] Lumin, [0000016B9F66E600][0000016B958C5400 49] Lumin_Desktop, [0000016B9F729600][0000016B958C9540 49] HoloLens, 
[2022.04.27-08.16.31:761][  0]LogMeshReduction: Using QuadricMeshReduction for automatic static mesh reduction
[2022.04.27-08.16.31:761][  0]LogMeshReduction: Using SimplygonMeshReduction for automatic skeletal mesh reduction
[2022.04.27-08.16.31:761][  0]LogMeshReduction: Using ProxyLODMeshReduction for automatic mesh merging
[2022.04.27-08.16.31:761][  0]LogMeshReduction: No distributed automatic mesh merging module available
[2022.04.27-08.16.31:761][  0]LogMeshMerging: No distributed automatic mesh merging module available
[2022.04.27-08.16.31:785][  0]LogNetVersion: Task_2323_26422 1.0.0, NetCL: 17155196, EngineNetVer: 17, GameNetVer: 0 (Checksum: 1982326924)
[2022.04.27-08.16.32:308][  0]LogTexture: Default maximum texture size for cubemaps generated from long-lat sources has been changed from 512 to unlimited. In order to preserve old behaiour for '/Engine/MapTemplates/Sky/DaylightAmbientCubemap.DaylightAmbientCubemap', its maximum texture size has been explicitly set to 512.
[2022.04.27-08.16.32:389][  0]LogHMD: PokeAHoleMaterial loaded successfully
[2022.04.27-08.16.32:397][  0]LogUObjectArray: 17178 objects as part of root set at end of initial load.
[2022.04.27-08.16.32:397][  0]LogUObjectAllocator: 4302048 out of 0 bytes used by permanent object pool.
[2022.04.27-08.16.32:397][  0]LogUObjectArray: CloseDisregardForGC: 0/0 objects in disregard for GC pool
[2022.04.27-08.16.32:908][  0]LogNiagaraDebuggerClient: Niagara Debugger Client Initialized | Session: A30B7F8E4D285D15EF7DD29B3C68CBD1 | Instance: 7A8103594885404B72422D9BC86F9C6C (DESKTOP-9VOKLBP-13164).
[2022.04.27-08.16.32:956][  0]LogPython: Using Python 3.7.7
[2022.04.27-08.16.33:616][  0]LogTcpMessaging: Initializing TcpMessaging bridge
[2022.04.27-08.16.33:635][  0]LogUdpMessaging: Initializing bridge on interface 0.0.0.0:0 to multicast group 230.0.0.1:6666.
[2022.04.27-08.16.34:342][  0]SourceControl: Source control is disabled
[2022.04.27-08.16.34:342][  0]SourceControl: Source control is disabled
[2022.04.27-08.16.34:405][  0]SourceControl: Source control is disabled
[2022.04.27-08.16.34:438][  0]SourceControl: Source control is disabled
[2022.04.27-08.16.34:559][  0]SourceControl: Source control is disabled
[2022.04.27-08.16.34:637][  0]LogUProjectInfo: Found projects:
[2022.04.27-08.16.34:763][  0]LogOpenImageDenoise: OIDN starting up
[2022.04.27-08.16.34:847][  0]LogAndroidPermission: UAndroidPermissionCallbackProxy::GetInstance
[2022.04.27-08.16.34:883][  0]LogAudioCaptureCore: Display: No Audio Capture implementations found. Audio input will be silent.
[2022.04.27-08.16.34:883][  0]LogAudioCaptureCore: Display: No Audio Capture implementations found. Audio input will be silent.
[2022.04.27-08.16.35:080][  0]LogCollectionManager: Loaded 0 collections in 0.001419 seconds
[2022.04.27-08.16.35:121][  0]LogFileCache: Scanning file cache for directory 'D:/Unreal Projects/Task_2323_26422/Saved/Collections/' took 0.00s
[2022.04.27-08.16.35:122][  0]LogFileCache: Scanning file cache for directory 'D:/Unreal Projects/Task_2323_26422/Content/Developers/DanishN/Collections/' took 0.00s
[2022.04.27-08.16.35:122][  0]LogFileCache: Scanning file cache for directory 'D:/Unreal Projects/Task_2323_26422/Content/Collections/' took 0.00s
[2022.04.27-08.16.35:122][  0]LogOcInput: OculusInput pre-init called
[2022.04.27-08.16.35:437][  0]LogEngine: Initializing Engine...
[2022.04.27-08.16.35:441][  0]LogHMD: Failed to enumerate extensions. Please check that you have a valid OpenXR runtime installed.
[2022.04.27-08.16.35:442][  0]LogHMD: Failed to initialize OpenVR with code 110
[2022.04.27-08.16.35:442][  0]LogMagicLeap: Warning: VR disabled because ZI is not enabled.  To enable, in the editor, Edit -> Project Settings -> Plugins -> Magic Leap Plugin -> Enable Zero Iteration
[2022.04.27-08.16.35:443][  0]LogStats: UGameplayTagsManager::InitializeManager -  0.000 s
[2022.04.27-08.16.35:578][  0]LogInit: Initializing FReadOnlyCVARCache
[2022.04.27-08.16.35:588][  0]LogAIModule: Creating AISystem for world Untitled
[2022.04.27-08.16.35:610][  0]LogAudio: Display: Initializing Audio Device Manager...
[2022.04.27-08.16.35:616][  0]LogAudio: Display: Loading Default Audio Settings Objects...
[2022.04.27-08.16.35:617][  0]LogAudio: Display: No default SoundConcurrencyObject specified (or failed to load).
[2022.04.27-08.16.35:618][  0]LogAudio: Display: Audio Device Manager Initialized
[2022.04.27-08.16.35:618][  0]LogAudio: Display: Creating Audio Device:                 Id: 1, Scope: Shared, Realtime: True
[2022.04.27-08.16.35:618][  0]LogAudioMixer: Display: Audio Mixer Platform Settings:
[2022.04.27-08.16.35:619][  0]LogAudioMixer: Display: 	Sample Rate:						  48000
[2022.04.27-08.16.35:619][  0]LogAudioMixer: Display: 	Callback Buffer Frame Size Requested: 1024
[2022.04.27-08.16.35:619][  0]LogAudioMixer: Display: 	Callback Buffer Frame Size To Use:	  1024
[2022.04.27-08.16.35:619][  0]LogAudioMixer: Display: 	Number of buffers to queue:			  2
[2022.04.27-08.16.35:619][  0]LogAudioMixer: Display: 	Max Channels (voices):				  32
[2022.04.27-08.16.35:619][  0]LogAudioMixer: Display: 	Number of Async Source Workers:		  0
[2022.04.27-08.16.35:619][  0]LogAudio: Display: AudioDevice MaxSources: 32
[2022.04.27-08.16.35:620][  0]LogAudio: Display: Audio Spatialization Plugin: None (built-in).
[2022.04.27-08.16.35:620][  0]LogAudio: Display: Audio Reverb Plugin: None (built-in).
[2022.04.27-08.16.35:620][  0]LogAudio: Display: Audio Occlusion Plugin: None (built-in).
[2022.04.27-08.16.35:620][  0]LogAudioMixer: Display: Initializing audio mixer.
[2022.04.27-08.16.35:644][  0]LogAudioMixer: Display: 0: FrontLeft
[2022.04.27-08.16.35:645][  0]LogAudioMixer: Display: 1: FrontRight
[2022.04.27-08.16.35:687][  0]LogAudioMixer: Display: Using Audio Device Speakers (SRS-XB31 Stereo)
[2022.04.27-08.16.35:690][  0]LogAudioMixer: Display: Initializing Sound Submixes...
[2022.04.27-08.16.35:694][  0]LogAudioMixer: Display: Creating Master Submix 'MasterSubmixDefault'
[2022.04.27-08.16.35:694][  0]LogAudioMixer: Display: Creating Master Submix 'MasterReverbSubmixDefault'
[2022.04.27-08.16.35:695][  0]LogAudioMixer: Display: Creating Master Submix 'MasterEQSubmixDefault'
[2022.04.27-08.16.35:695][  0]LogAudioMixer: FMixerPlatformXAudio2::StartAudioStream() called
[2022.04.27-08.16.35:695][  0]LogAudioMixer: Display: Output buffers initialized: Frames=1024, Channels=2, Samples=2048
[2022.04.27-08.16.35:699][  0]LogAudioMixer: Display: Starting AudioMixerPlatformInterface::RunInternal()
[2022.04.27-08.16.35:699][  0]LogAudioMixer: Display: FMixerPlatformXAudio2::SubmitBuffer() called for the first time
[2022.04.27-08.16.35:699][  0]LogInit: FAudioDevice initialized.
[2022.04.27-08.16.35:699][  0]LogAudio: Display: Audio Device (ID: 1) registered with world 'Untitled'.
[2022.04.27-08.16.35:700][  0]LogNetVersion: Set ProjectVersion to 1.0.0.0. Version Checksum will be recalculated on next use.
[2022.04.27-08.16.35:825][  0]LogDerivedDataCache: Saved boot cache 0.12s 103MB C:/Users/Danish_N/AppData/Local/UnrealEngine/4.27/DerivedDataCache/Boot.ddc.
[2022.04.27-08.16.35:826][  0]LogInit: Texture streaming: Enabled
[2022.04.27-08.16.35:848][  0]LogAnalytics: Display: [UEEditor.Rocket.Release] APIServer = https://datarouter.ol.epicgames.com/. AppVersion = 4.27.2-18319896+++UE4+Release-4.27
[2022.04.27-08.16.35:855][  0]LogEngineSessionManager: EngineSessionManager initialized
[2022.04.27-08.16.35:855][  0]LogEditorSessionSummary: Verbose: Initializing EditorSessionSummaryWriter for editor session tracking
[2022.04.27-08.16.35:860][  0]LogEditorSessionSummary: EditorSessionSummaryWriter initialized
[2022.04.27-08.16.35:888][  0]LogInit: Transaction tracking system initialized
[2022.04.27-08.16.35:942][  0]BlueprintLog: New page: Editor Load
[2022.04.27-08.16.36:067][  0]LocalizationService: Localization service is disabled
[2022.04.27-08.16.36:113][  0]TimingProfiler: Initialize
[2022.04.27-08.16.36:113][  0]TimingProfiler: OnSessionChanged
[2022.04.27-08.16.36:114][  0]LoadingProfiler: Initialize
[2022.04.27-08.16.36:114][  0]LoadingProfiler: OnSessionChanged
[2022.04.27-08.16.36:114][  0]NetworkingProfiler: Initialize
[2022.04.27-08.16.36:114][  0]NetworkingProfiler: OnSessionChanged
[2022.04.27-08.16.36:114][  0]MemoryProfiler: Initialize
[2022.04.27-08.16.36:114][  0]MemoryProfiler: OnSessionChanged
[2022.04.27-08.16.36:323][  0]LogCook: Display: CookSettings for Memory: MemoryMaxUsedVirtual 0MiB, MemoryMaxUsedPhysical 16384MiB, MemoryMinFreeVirtual 0MiB, MemoryMinFreePhysical 1024MiB
[2022.04.27-08.16.36:323][  0]LogCook: Display: Mobile HDR setting 1
[2022.04.27-08.16.36:648][  0]LogFileCache: Scanning file cache for directory 'D:/Unreal Projects/Task_2323_26422/Content/' took 0.00s
[2022.04.27-08.16.36:916][  0]LogInit: Display: Engine is initialized. Leaving FEngineLoop::Init()
[2022.04.27-08.16.36:920][  0]SourceControl: Source control is disabled
[2022.04.27-08.16.36:920][  0]LogUnrealEdMisc: Loading editor; pre map load, took 12.023
[2022.04.27-08.16.36:921][  0]Cmd: MAP LOAD FILE="../../../../Unreal Projects/Task_2323_26422/Content/ThirdPersonCPP/Maps/ThirdPersonExampleMap.umap" TEMPLATE=0 SHOWPROGRESS=1 FEATURELEVEL=3
[2022.04.27-08.16.36:921][  0]LightingResults: New page: Lighting Build
[2022.04.27-08.16.36:924][  0]LogWorld: UWorld::CleanupWorld for Untitled, bSessionEnded=true, bCleanupResources=true
[2022.04.27-08.16.36:924][  0]LogSlate: InvalidateAllWidgets triggered.  All widgets were invalidated
[2022.04.27-08.16.36:924][  0]MapCheck: New page: Map Check
[2022.04.27-08.16.36:924][  0]LightingResults: New page: Lighting Build
[2022.04.27-08.16.36:931][  0]LogAudio: Display: Audio Device unregistered from world 'None'.
[2022.04.27-08.16.36:935][  0]LogUObjectHash: Compacting FUObjectHashTables data took   1.01ms
[2022.04.27-08.16.37:027][  0]LogAudio: Display: Audio Device (ID: 1) registered with world 'ThirdPersonExampleMap'.
[2022.04.27-08.16.37:029][  0]LogAIModule: Creating AISystem for world ThirdPersonExampleMap
[2022.04.27-08.16.37:038][  0]LogEditorServer: Finished looking for orphan Actors (0.000 secs)
[2022.04.27-08.16.37:052][  0]LogUObjectHash: Compacting FUObjectHashTables data took   1.45ms
[2022.04.27-08.16.37:052][  0]Cmd: MAP CHECKDEP NOCLEARLOG
[2022.04.27-08.16.37:053][  0]MapCheck: Map check complete: 0 Error(s), 0 Warning(s), took 0.156ms to complete.
[2022.04.27-08.16.37:053][  0]LogFileHelpers: Loading map 'ThirdPersonExampleMap' took 0.132
[2022.04.27-08.16.37:056][  0]LogUnrealEdMisc: Total Editor Startup Time, took 12.159
[2022.04.27-08.16.37:196][  0]LogSlate: Updating window title bar state: overlay mode, drag disabled, window buttons hidden, title bar hidden
[2022.04.27-08.16.37:204][  0]LogSlate: Updating window title bar state: overlay mode, drag disabled, window buttons hidden, title bar hidden
[2022.04.27-08.16.37:212][  0]LogSlate: Updating window title bar state: overlay mode, drag disabled, window buttons hidden, title bar hidden
[2022.04.27-08.16.37:221][  0]LogSlate: Updating window title bar state: overlay mode, drag disabled, window buttons hidden, title bar hidden
[2022.04.27-08.16.37:238][  0]LogNativeClassHierarchy: Verbose: Native class hierarchy populated in 0.0122 seconds. Added 3825 classes and 930 folders.
[2022.04.27-08.16.37:241][  0]LogNativeClassHierarchy: Verbose: Native class hierarchy updated for 'WidgetCarousel' in 0.0003 seconds. Added 0 classes and 0 folders.
[2022.04.27-08.16.37:243][  0]LogPakFile: PakFile PrimaryIndexSize=187
[2022.04.27-08.16.37:243][  0]LogPakFile: PakFile PathHashIndexSize=101
[2022.04.27-08.16.37:243][  0]LogPakFile: PakFile FullDirectoryIndexSize=148
[2022.04.27-08.16.37:243][  0]LogShaderLibrary: Display: ShaderCodeLibraryPakFileMountedCallback: PakFile 'D:/UE_4.27/FeaturePacks/FP_FirstPerson.upack' (chunk index -1, root 'root:/') mounted
[2022.04.27-08.16.37:243][  0]LogShaderLibrary: Display: ShaderCodeLibraryPakFileMountedCallback: pending pak file info (ChunkID:-1 Root:root:/ File:D:/UE_4.27/FeaturePacks/FP_FirstPerson.upack)
[2022.04.27-08.16.37:243][  0]LogPakFile: OnPakFileMounted2Time == 0.000308
[2022.04.27-08.16.37:244][  0]LogPakFile: PakFile PrimaryIndexSize=189
[2022.04.27-08.16.37:245][  0]LogPakFile: PakFile PathHashIndexSize=101
[2022.04.27-08.16.37:245][  0]LogPakFile: PakFile FullDirectoryIndexSize=152
[2022.04.27-08.16.37:245][  0]LogShaderLibrary: Display: ShaderCodeLibraryPakFileMountedCallback: PakFile 'D:/UE_4.27/FeaturePacks/FP_FirstPersonBP.upack' (chunk index -1, root 'root:/') mounted
[2022.04.27-08.16.37:245][  0]LogShaderLibrary: Display: ShaderCodeLibraryPakFileMountedCallback: pending pak file info (ChunkID:-1 Root:root:/ File:D:/UE_4.27/FeaturePacks/FP_FirstPersonBP.upack)
[2022.04.27-08.16.37:245][  0]LogPakFile: OnPakFileMounted2Time == 0.000281
[2022.04.27-08.16.37:246][  0]LogPakFile: PakFile PrimaryIndexSize=191
[2022.04.27-08.16.37:246][  0]LogPakFile: PakFile PathHashIndexSize=101
[2022.04.27-08.16.37:246][  0]LogPakFile: PakFile FullDirectoryIndexSize=160
[2022.04.27-08.16.37:247][  0]LogShaderLibrary: Display: ShaderCodeLibraryPakFileMountedCallback: PakFile 'D:/UE_4.27/FeaturePacks/MobileStarterContent.upack' (chunk index -1, root 'root:/') mounted
[2022.04.27-08.16.37:247][  0]LogShaderLibrary: Display: ShaderCodeLibraryPakFileMountedCallback: pending pak file info (ChunkID:-1 Root:root:/ File:D:/UE_4.27/FeaturePacks/MobileStarterContent.upack)
[2022.04.27-08.16.37:247][  0]LogPakFile: OnPakFileMounted2Time == 0.000301
[2022.04.27-08.16.37:248][  0]LogPakFile: PakFile PrimaryIndexSize=185
[2022.04.27-08.16.37:248][  0]LogPakFile: PakFile PathHashIndexSize=101
[2022.04.27-08.16.37:248][  0]LogPakFile: PakFile FullDirectoryIndexSize=148
[2022.04.27-08.16.37:248][  0]LogShaderLibrary: Display: ShaderCodeLibraryPakFileMountedCallback: PakFile 'D:/UE_4.27/FeaturePacks/StarterContent.upack' (chunk index -1, root 'root:/') mounted
[2022.04.27-08.16.37:248][  0]LogShaderLibrary: Display: ShaderCodeLibraryPakFileMountedCallback: pending pak file info (ChunkID:-1 Root:root:/ File:D:/UE_4.27/FeaturePacks/StarterContent.upack)
[2022.04.27-08.16.37:248][  0]LogPakFile: OnPakFileMounted2Time == 0.000322
[2022.04.27-08.16.37:249][  0]LogPakFile: PakFile PrimaryIndexSize=190
[2022.04.27-08.16.37:249][  0]LogPakFile: PakFile PathHashIndexSize=101
[2022.04.27-08.16.37:250][  0]LogPakFile: PakFile FullDirectoryIndexSize=154
[2022.04.27-08.16.37:250][  0]LogShaderLibrary: Display: ShaderCodeLibraryPakFileMountedCallback: PakFile 'D:/UE_4.27/FeaturePacks/TP_2DSideScroller.upack' (chunk index -1, root 'root:/') mounted
[2022.04.27-08.16.37:250][  0]LogShaderLibrary: Display: ShaderCodeLibraryPakFileMountedCallback: pending pak file info (ChunkID:-1 Root:root:/ File:D:/UE_4.27/FeaturePacks/TP_2DSideScroller.upack)
[2022.04.27-08.16.37:250][  0]LogPakFile: OnPakFileMounted2Time == 0.000218
[2022.04.27-08.16.37:251][  0]LogPakFile: PakFile PrimaryIndexSize=192
[2022.04.27-08.16.37:251][  0]LogPakFile: PakFile PathHashIndexSize=101
[2022.04.27-08.16.37:251][  0]LogPakFile: PakFile FullDirectoryIndexSize=158
[2022.04.27-08.16.37:251][  0]LogShaderLibrary: Display: ShaderCodeLibraryPakFileMountedCallback: PakFile 'D:/UE_4.27/FeaturePacks/TP_2DSideScrollerBP.upack' (chunk index -1, root 'root:/') mounted
[2022.04.27-08.16.37:251][  0]LogShaderLibrary: Display: ShaderCodeLibraryPakFileMountedCallback: pending pak file info (ChunkID:-1 Root:root:/ File:D:/UE_4.27/FeaturePacks/TP_2DSideScrollerBP.upack)
[2022.04.27-08.16.37:251][  0]LogPakFile: OnPakFileMounted2Time == 0.000263
[2022.04.27-08.16.37:252][  0]LogPakFile: PakFile PrimaryIndexSize=182
[2022.04.27-08.16.37:252][  0]LogPakFile: PakFile PathHashIndexSize=101
[2022.04.27-08.16.37:253][  0]LogPakFile: PakFile FullDirectoryIndexSize=138
[2022.04.27-08.16.37:253][  0]LogShaderLibrary: Display: ShaderCodeLibraryPakFileMountedCallback: PakFile 'D:/UE_4.27/FeaturePacks/TP_Flying.upack' (chunk index -1, root 'root:/') mounted
[2022.04.27-08.16.37:253][  0]LogShaderLibrary: Display: ShaderCodeLibraryPakFileMountedCallback: pending pak file info (ChunkID:-1 Root:root:/ File:D:/UE_4.27/FeaturePacks/TP_Flying.upack)
[2022.04.27-08.16.37:253][  0]LogPakFile: OnPakFileMounted2Time == 0.000223
[2022.04.27-08.16.37:254][  0]LogPakFile: PakFile PrimaryIndexSize=184
[2022.04.27-08.16.37:254][  0]LogPakFile: PakFile PathHashIndexSize=101
[2022.04.27-08.16.37:254][  0]LogPakFile: PakFile FullDirectoryIndexSize=142
[2022.04.27-08.16.37:254][  0]LogShaderLibrary: Display: ShaderCodeLibraryPakFileMountedCallback: PakFile 'D:/UE_4.27/FeaturePacks/TP_FlyingBP.upack' (chunk index -1, root 'root:/') mounted
[2022.04.27-08.16.37:254][  0]LogShaderLibrary: Display: ShaderCodeLibraryPakFileMountedCallback: pending pak file info (ChunkID:-1 Root:root:/ File:D:/UE_4.27/FeaturePacks/TP_FlyingBP.upack)
[2022.04.27-08.16.37:254][  0]LogPakFile: OnPakFileMounted2Time == 0.000258
[2022.04.27-08.16.37:255][  0]LogPakFile: PakFile PrimaryIndexSize=188
[2022.04.27-08.16.37:255][  0]LogPakFile: PakFile PathHashIndexSize=101
[2022.04.27-08.16.37:255][  0]LogPakFile: PakFile FullDirectoryIndexSize=150
[2022.04.27-08.16.37:256][  0]LogShaderLibrary: Display: ShaderCodeLibraryPakFileMountedCallback: PakFile 'D:/UE_4.27/FeaturePacks/TP_HandheldARBP.upack' (chunk index -1, root 'root:/') mounted
[2022.04.27-08.16.37:256][  0]LogShaderLibrary: Display: ShaderCodeLibraryPakFileMountedCallback: pending pak file info (ChunkID:-1 Root:root:/ File:D:/UE_4.27/FeaturePacks/TP_HandheldARBP.upack)
[2022.04.27-08.16.37:256][  0]LogPakFile: OnPakFileMounted2Time == 0.000280
[2022.04.27-08.16.37:257][  0]LogPakFile: PakFile PrimaryIndexSize=182
[2022.04.27-08.16.37:257][  0]LogPakFile: PakFile PathHashIndexSize=101
[2022.04.27-08.16.37:257][  0]LogPakFile: PakFile FullDirectoryIndexSize=138
[2022.04.27-08.16.37:257][  0]LogShaderLibrary: Display: ShaderCodeLibraryPakFileMountedCallback: PakFile 'D:/UE_4.27/FeaturePacks/TP_Puzzle.upack' (chunk index -1, root 'root:/') mounted
[2022.04.27-08.16.37:257][  0]LogShaderLibrary: Display: ShaderCodeLibraryPakFileMountedCallback: pending pak file info (ChunkID:-1 Root:root:/ File:D:/UE_4.27/FeaturePacks/TP_Puzzle.upack)
[2022.04.27-08.16.37:257][  0]LogPakFile: OnPakFileMounted2Time == 0.000230
[2022.04.27-08.16.37:259][  0]LogPakFile: PakFile PrimaryIndexSize=184
[2022.04.27-08.16.37:259][  0]LogPakFile: PakFile PathHashIndexSize=101
[2022.04.27-08.16.37:259][  0]LogPakFile: PakFile FullDirectoryIndexSize=142
[2022.04.27-08.16.37:259][  0]LogShaderLibrary: Display: ShaderCodeLibraryPakFileMountedCallback: PakFile 'D:/UE_4.27/FeaturePacks/TP_PuzzleBP.upack' (chunk index -1, root 'root:/') mounted
[2022.04.27-08.16.37:260][  0]LogShaderLibrary: Display: ShaderCodeLibraryPakFileMountedCallback: pending pak file info (ChunkID:-1 Root:root:/ File:D:/UE_4.27/FeaturePacks/TP_PuzzleBP.upack)
[2022.04.27-08.16.37:260][  0]LogPakFile: OnPakFileMounted2Time == 0.000503
[2022.04.27-08.16.37:261][  0]LogPakFile: PakFile PrimaryIndexSize=183
[2022.04.27-08.16.37:261][  0]LogPakFile: PakFile PathHashIndexSize=101
[2022.04.27-08.16.37:261][  0]LogPakFile: PakFile FullDirectoryIndexSize=140
[2022.04.27-08.16.37:261][  0]LogShaderLibrary: Display: ShaderCodeLibraryPakFileMountedCallback: PakFile 'D:/UE_4.27/FeaturePacks/TP_Rolling.upack' (chunk index -1, root 'root:/') mounted
[2022.04.27-08.16.37:262][  0]LogShaderLibrary: Display: ShaderCodeLibraryPakFileMountedCallback: pending pak file info (ChunkID:-1 Root:root:/ File:D:/UE_4.27/FeaturePacks/TP_Rolling.upack)
[2022.04.27-08.16.37:262][  0]LogPakFile: OnPakFileMounted2Time == 0.000250
[2022.04.27-08.16.37:263][  0]LogPakFile: PakFile PrimaryIndexSize=185
[2022.04.27-08.16.37:263][  0]LogPakFile: PakFile PathHashIndexSize=101
[2022.04.27-08.16.37:263][  0]LogPakFile: PakFile FullDirectoryIndexSize=144
[2022.04.27-08.16.37:263][  0]LogShaderLibrary: Display: ShaderCodeLibraryPakFileMountedCallback: PakFile 'D:/UE_4.27/FeaturePacks/TP_RollingBP.upack' (chunk index -1, root 'root:/') mounted
[2022.04.27-08.16.37:264][  0]LogShaderLibrary: Display: ShaderCodeLibraryPakFileMountedCallback: pending pak file info (ChunkID:-1 Root:root:/ File:D:/UE_4.27/FeaturePacks/TP_RollingBP.upack)
[2022.04.27-08.16.37:264][  0]LogPakFile: OnPakFileMounted2Time == 0.000324
[2022.04.27-08.16.37:265][  0]LogPakFile: PakFile PrimaryIndexSize=188
[2022.04.27-08.16.37:265][  0]LogPakFile: PakFile PathHashIndexSize=101
[2022.04.27-08.16.37:265][  0]LogPakFile: PakFile FullDirectoryIndexSize=150
[2022.04.27-08.16.37:265][  0]LogShaderLibrary: Display: ShaderCodeLibraryPakFileMountedCallback: PakFile 'D:/UE_4.27/FeaturePacks/TP_SideScroller.upack' (chunk index -1, root 'root:/') mounted
[2022.04.27-08.16.37:266][  0]LogShaderLibrary: Display: ShaderCodeLibraryPakFileMountedCallback: pending pak file info (ChunkID:-1 Root:root:/ File:D:/UE_4.27/FeaturePacks/TP_SideScroller.upack)
[2022.04.27-08.16.37:266][  0]LogPakFile: OnPakFileMounted2Time == 0.000335
[2022.04.27-08.16.37:267][  0]LogPakFile: PakFile PrimaryIndexSize=190
[2022.04.27-08.16.37:267][  0]LogPakFile: PakFile PathHashIndexSize=101
[2022.04.27-08.16.37:267][  0]LogPakFile: PakFile FullDirectoryIndexSize=154
[2022.04.27-08.16.37:267][  0]LogShaderLibrary: Display: ShaderCodeLibraryPakFileMountedCallback: PakFile 'D:/UE_4.27/FeaturePacks/TP_SideScrollerBP.upack' (chunk index -1, root 'root:/') mounted
[2022.04.27-08.16.37:267][  0]LogShaderLibrary: Display: ShaderCodeLibraryPakFileMountedCallback: pending pak file info (ChunkID:-1 Root:root:/ File:D:/UE_4.27/FeaturePacks/TP_SideScrollerBP.upack)
[2022.04.27-08.16.37:268][  0]LogPakFile: OnPakFileMounted2Time == 0.000281
[2022.04.27-08.16.37:269][  0]LogPakFile: PakFile PrimaryIndexSize=187
[2022.04.27-08.16.37:269][  0]LogPakFile: PakFile PathHashIndexSize=101
[2022.04.27-08.16.37:269][  0]LogPakFile: PakFile FullDirectoryIndexSize=148
[2022.04.27-08.16.37:269][  0]LogShaderLibrary: Display: ShaderCodeLibraryPakFileMountedCallback: PakFile 'D:/UE_4.27/FeaturePacks/TP_ThirdPerson.upack' (chunk index -1, root 'root:/') mounted
[2022.04.27-08.16.37:269][  0]LogShaderLibrary: Display: ShaderCodeLibraryPakFileMountedCallback: pending pak file info (ChunkID:-1 Root:root:/ File:D:/UE_4.27/FeaturePacks/TP_ThirdPerson.upack)
[2022.04.27-08.16.37:269][  0]LogPakFile: OnPakFileMounted2Time == 0.000277
[2022.04.27-08.16.37:270][  0]LogPakFile: PakFile PrimaryIndexSize=189
[2022.04.27-08.16.37:270][  0]LogPakFile: PakFile PathHashIndexSize=101
[2022.04.27-08.16.37:270][  0]LogPakFile: PakFile FullDirectoryIndexSize=152
[2022.04.27-08.16.37:270][  0]LogShaderLibrary: Display: ShaderCodeLibraryPakFileMountedCallback: PakFile 'D:/UE_4.27/FeaturePacks/TP_ThirdPersonBP.upack' (chunk index -1, root 'root:/') mounted
[2022.04.27-08.16.37:271][  0]LogShaderLibrary: Display: ShaderCodeLibraryPakFileMountedCallback: pending pak file info (ChunkID:-1 Root:root:/ File:D:/UE_4.27/FeaturePacks/TP_ThirdPersonBP.upack)
[2022.04.27-08.16.37:271][  0]LogPakFile: OnPakFileMounted2Time == 0.000249
[2022.04.27-08.16.37:272][  0]LogPakFile: PakFile PrimaryIndexSize=183
[2022.04.27-08.16.37:272][  0]LogPakFile: PakFile PathHashIndexSize=101
[2022.04.27-08.16.37:272][  0]LogPakFile: PakFile FullDirectoryIndexSize=140
[2022.04.27-08.16.37:272][  0]LogShaderLibrary: Display: ShaderCodeLibraryPakFileMountedCallback: PakFile 'D:/UE_4.27/FeaturePacks/TP_TopDown.upack' (chunk index -1, root 'root:/') mounted
[2022.04.27-08.16.37:272][  0]LogShaderLibrary: Display: ShaderCodeLibraryPakFileMountedCallback: pending pak file info (ChunkID:-1 Root:root:/ File:D:/UE_4.27/FeaturePacks/TP_TopDown.upack)
[2022.04.27-08.16.37:272][  0]LogPakFile: OnPakFileMounted2Time == 0.000266
[2022.04.27-08.16.37:274][  0]LogPakFile: PakFile PrimaryIndexSize=185
[2022.04.27-08.16.37:274][  0]LogPakFile: PakFile PathHashIndexSize=101
[2022.04.27-08.16.37:274][  0]LogPakFile: PakFile FullDirectoryIndexSize=144
[2022.04.27-08.16.37:274][  0]LogShaderLibrary: Display: ShaderCodeLibraryPakFileMountedCallback: PakFile 'D:/UE_4.27/FeaturePacks/TP_TopDownBP.upack' (chunk index -1, root 'root:/') mounted
[2022.04.27-08.16.37:274][  0]LogShaderLibrary: Display: ShaderCodeLibraryPakFileMountedCallback: pending pak file info (ChunkID:-1 Root:root:/ File:D:/UE_4.27/FeaturePacks/TP_TopDownBP.upack)
[2022.04.27-08.16.37:275][  0]LogPakFile: OnPakFileMounted2Time == 0.000295
[2022.04.27-08.16.37:276][  0]LogPakFile: PakFile PrimaryIndexSize=185
[2022.04.27-08.16.37:276][  0]LogPakFile: PakFile PathHashIndexSize=101
[2022.04.27-08.16.37:276][  0]LogPakFile: PakFile FullDirectoryIndexSize=144
[2022.04.27-08.16.37:276][  0]LogShaderLibrary: Display: ShaderCodeLibraryPakFileMountedCallback: PakFile 'D:/UE_4.27/FeaturePacks/TP_TwinStick.upack' (chunk index -1, root 'root:/') mounted
[2022.04.27-08.16.37:276][  0]LogShaderLibrary: Display: ShaderCodeLibraryPakFileMountedCallback: pending pak file info (ChunkID:-1 Root:root:/ File:D:/UE_4.27/FeaturePacks/TP_TwinStick.upack)
[2022.04.27-08.16.37:276][  0]LogPakFile: OnPakFileMounted2Time == 0.000261
[2022.04.27-08.16.37:277][  0]LogPakFile: PakFile PrimaryIndexSize=187
[2022.04.27-08.16.37:278][  0]LogPakFile: PakFile PathHashIndexSize=101
[2022.04.27-08.16.37:278][  0]LogPakFile: PakFile FullDirectoryIndexSize=148
[2022.04.27-08.16.37:278][  0]LogShaderLibrary: Display: ShaderCodeLibraryPakFileMountedCallback: PakFile 'D:/UE_4.27/FeaturePacks/TP_TwinStickBP.upack' (chunk index -1, root 'root:/') mounted
[2022.04.27-08.16.37:278][  0]LogShaderLibrary: Display: ShaderCodeLibraryPakFileMountedCallback: pending pak file info (ChunkID:-1 Root:root:/ File:D:/UE_4.27/FeaturePacks/TP_TwinStickBP.upack)
[2022.04.27-08.16.37:278][  0]LogPakFile: OnPakFileMounted2Time == 0.000255
[2022.04.27-08.16.37:279][  0]LogPakFile: PakFile PrimaryIndexSize=183
[2022.04.27-08.16.37:279][  0]LogPakFile: PakFile PathHashIndexSize=101
[2022.04.27-08.16.37:279][  0]LogPakFile: PakFile FullDirectoryIndexSize=140
[2022.04.27-08.16.37:279][  0]LogShaderLibrary: Display: ShaderCodeLibraryPakFileMountedCallback: PakFile 'D:/UE_4.27/FeaturePacks/TP_Vehicle.upack' (chunk index -1, root 'root:/') mounted
[2022.04.27-08.16.37:280][  0]LogShaderLibrary: Display: ShaderCodeLibraryPakFileMountedCallback: pending pak file info (ChunkID:-1 Root:root:/ File:D:/UE_4.27/FeaturePacks/TP_Vehicle.upack)
[2022.04.27-08.16.37:280][  0]LogPakFile: OnPakFileMounted2Time == 0.000374
[2022.04.27-08.16.37:281][  0]LogPakFile: PakFile PrimaryIndexSize=186
[2022.04.27-08.16.37:281][  0]LogPakFile: PakFile PathHashIndexSize=101
[2022.04.27-08.16.37:281][  0]LogPakFile: PakFile FullDirectoryIndexSize=146
[2022.04.27-08.16.37:281][  0]LogShaderLibrary: Display: ShaderCodeLibraryPakFileMountedCallback: PakFile 'D:/UE_4.27/FeaturePacks/TP_VehicleAdv.upack' (chunk index -1, root 'root:/') mounted
[2022.04.27-08.16.37:281][  0]LogShaderLibrary: Display: ShaderCodeLibraryPakFileMountedCallback: pending pak file info (ChunkID:-1 Root:root:/ File:D:/UE_4.27/FeaturePacks/TP_VehicleAdv.upack)
[2022.04.27-08.16.37:282][  0]LogPakFile: OnPakFileMounted2Time == 0.000264
[2022.04.27-08.16.37:283][  0]LogPakFile: PakFile PrimaryIndexSize=188
[2022.04.27-08.16.37:283][  0]LogPakFile: PakFile PathHashIndexSize=101
[2022.04.27-08.16.37:283][  0]LogPakFile: PakFile FullDirectoryIndexSize=150
[2022.04.27-08.16.37:283][  0]LogShaderLibrary: Display: ShaderCodeLibraryPakFileMountedCallback: PakFile 'D:/UE_4.27/FeaturePacks/TP_VehicleAdvBP.upack' (chunk index -1, root 'root:/') mounted
[2022.04.27-08.16.37:283][  0]LogShaderLibrary: Display: ShaderCodeLibraryPakFileMountedCallback: pending pak file info (ChunkID:-1 Root:root:/ File:D:/UE_4.27/FeaturePacks/TP_VehicleAdvBP.upack)
[2022.04.27-08.16.37:283][  0]LogPakFile: OnPakFileMounted2Time == 0.000372
[2022.04.27-08.16.37:284][  0]LogPakFile: PakFile PrimaryIndexSize=185
[2022.04.27-08.16.37:284][  0]LogPakFile: PakFile PathHashIndexSize=101
[2022.04.27-08.16.37:284][  0]LogPakFile: PakFile FullDirectoryIndexSize=144
[2022.04.27-08.16.37:284][  0]LogShaderLibrary: Display: ShaderCodeLibraryPakFileMountedCallback: PakFile 'D:/UE_4.27/FeaturePacks/TP_VehicleBP.upack' (chunk index -1, root 'root:/') mounted
[2022.04.27-08.16.37:284][  0]LogShaderLibrary: Display: ShaderCodeLibraryPakFileMountedCallback: pending pak file info (ChunkID:-1 Root:root:/ File:D:/UE_4.27/FeaturePacks/TP_VehicleBP.upack)
[2022.04.27-08.16.37:284][  0]LogPakFile: OnPakFileMounted2Time == 0.000199
[2022.04.27-08.16.37:285][  0]LogPakFile: PakFile PrimaryIndexSize=192
[2022.04.27-08.16.37:285][  0]LogPakFile: PakFile PathHashIndexSize=101
[2022.04.27-08.16.37:285][  0]LogPakFile: PakFile FullDirectoryIndexSize=158
[2022.04.27-08.16.37:285][  0]LogShaderLibrary: Display: ShaderCodeLibraryPakFileMountedCallback: PakFile 'D:/UE_4.27/FeaturePacks/TP_VirtualRealityBP.upack' (chunk index -1, root 'root:/') mounted
[2022.04.27-08.16.37:285][  0]LogShaderLibrary: Display: ShaderCodeLibraryPakFileMountedCallback: pending pak file info (ChunkID:-1 Root:root:/ File:D:/UE_4.27/FeaturePacks/TP_VirtualRealityBP.upack)
[2022.04.27-08.16.37:285][  0]LogPakFile: OnPakFileMounted2Time == 0.000238
[2022.04.27-08.16.37:332][  0]LogNativeClassHierarchy: Verbose: Native class hierarchy updated for 'AddContentDialog' in 0.0003 seconds. Added 0 classes and 0 folders.
[2022.04.27-08.16.37:339][  0]LogNativeClassHierarchy: Verbose: Native class hierarchy updated for 'SceneOutliner' in 0.0003 seconds. Added 2 classes and 0 folders.
[2022.04.27-08.16.37:458][  0]LogSlate: Took 0.000163 seconds to synchronously load lazily loaded font '../../../Engine/Content/Slate/Fonts/Roboto-Regular.ttf' (155K)
[2022.04.27-08.16.37:460][  0]LogSlate: Took 0.000171 seconds to synchronously load lazily loaded font '../../../Engine/Content/Editor/Slate/Fonts/FontAwesome.ttf' (139K)
[2022.04.27-08.16.37:461][  0]LogSlate: Took 0.000158 seconds to synchronously load lazily loaded font '../../../Engine/Content/Slate/Fonts/Roboto-Bold.ttf' (160K)
[2022.04.27-08.16.37:565][  0]LogRenderer: Reallocating scene render targets to support 1208x572 Format 10 NumSamples 1 (Frame:1).
[2022.04.27-08.16.37:808][  0]LogNativeClassHierarchy: Verbose: Native class hierarchy updated for 'HierarchicalLODOutliner' in 0.0004 seconds. Added 0 classes and 0 folders.
[2022.04.27-08.16.37:809][  0]LogInput: Warning: Action Jump uses invalid key OculusGo_Left_Trigger_Click.
[2022.04.27-08.16.37:809][  0]LogInput: Warning: Action ResetVR uses invalid key OculusGo_Left_Trackpad_Click.
[2022.04.27-08.16.37:809][  0]LogInput: Warning: Use -RemoveInvalidKeys to remove instances of these keys from the action mapping.
[2022.04.27-08.16.37:809][  0]LogLoad: (Engine Initialization) Total time: 12.91 seconds
[2022.04.27-08.16.37:809][  0]LogLoad: (Engine Initialization) Total Blueprint compile time: 0.00 seconds
[2022.04.27-08.16.37:876][  0]LogAssetRegistry: Asset discovery search completed in 6.6931 seconds
[2022.04.27-08.16.37:884][  0]LogCollectionManager: Fixed up redirectors for 0 collections in 0.000005 seconds (updated 0 objects)
[2022.04.27-08.16.37:885][  0]LogContentStreaming: Texture pool size now 1000 MB
[2022.04.27-08.16.38:839][ 52]LogSlate: Took 0.000172 seconds to synchronously load lazily loaded font '../../../Engine/Content/Slate/Fonts/Roboto-Light.ttf' (167K)
[2022.04.27-08.16.39:738][ 92]LogSlate: Took 0.000097 seconds to synchronously load lazily loaded font '../../../Engine/Content/Slate/Fonts/Roboto-Light.ttf' (167K)
[2022.04.27-08.16.42:901][282]LogSlate: Took 0.000219 seconds to synchronously load lazily loaded font '../../../Engine/Content/Slate/Fonts/DroidSansMono.ttf' (77K)
[2022.04.27-08.16.59:790][272]LogEditorClassViewer: Warning: Class /Engine/Tutorial/InWorldBlueprintEditing/TutorialAssets/IWBE_Blutility.IWBE_Blutility_C has parent /Script/Blutility.PlacedEditorUtilityBase, but this parent is not found. The Class will not be shown in ClassViewer.
[2022.04.27-08.16.59:890][272]LogSlate: Took 0.000212 seconds to synchronously load lazily loaded font '../../../Engine/Content/Slate/Fonts/Roboto-BoldCondensed.ttf' (158K)
[2022.04.27-08.17.10:838][923]LogAssetEditorSubsystem: Opening Asset editor for Blueprint /Game/c1.c1
[2022.04.27-08.17.10:998][923]LogNativeClassHierarchy: Verbose: Native class hierarchy updated for 'BlueprintGraph' in 0.0006 seconds. Added 126 classes and 0 folders.
[2022.04.27-08.17.11:938][923]LogSlate: Window 'Add Blueprint Class' being destroyed
[2022.04.27-08.17.12:046][924]LogRenderer: Reallocating scene render targets to support 1208x708 Format 10 NumSamples 1 (Frame:1).
[2022.04.27-08.17.14:360][ 61]LogSlate: Took 0.000145 seconds to synchronously load lazily loaded font '../../../Engine/Content/Slate/Fonts/Roboto-Italic.ttf' (157K)
[2022.04.27-08.17.21:806][469]LogWorld: UWorld::CleanupWorld for World_0, bSessionEnded=true, bCleanupResources=true
[2022.04.27-08.17.21:806][469]LogSlate: InvalidateAllWidgets triggered.  All widgets were invalidated
[2022.04.27-08.17.25:842][692]LogUObjectHash: Compacting FUObjectHashTables data took   2.55ms
[2022.04.27-08.17.27:317][692]LogSlate: Window 'Delete Assets' being destroyed
[2022.04.27-08.17.27:458][692]LogUObjectHash: Compacting FUObjectHashTables data took   2.28ms
[2022.04.27-08.17.32:980][ 21]LogAssetEditorSubsystem: Opening Asset editor for Blueprint /Game/ThirdPersonCPP/Blueprints/ThirdPersonCharacter.ThirdPersonCharacter
